Number of values: 100000
Number of classes: 4
Class range: 
Class 0 Min: 1.000000, Max: 251.000000
Class 1 Min: 251.000000, Max: 501.000000
Class 2 Min: 501.000000, Max: 751.000000
Class 3 Min: 751.000000, Max: 1001.000000
Data send count for each proc:
proc 0: 25000
proc 1: 25000
proc 2: 25000
proc 3: 25000
Displacement for each proc:
proc 0: 0
proc 1: 25000
proc 2: 50000
proc 3: 75000
processor rank: 1 len: 25000
processor rank: 2 len: 25000
processor rank: 0 len: 25000
processor rank: 3 len: 25000
Final Histogram:
Number of values in Class 0: 25180
Number of values in Class 1: 24793
Number of values in Class 2: 24962
Number of values in Class 3: 25065
total values in histogram: 100000
Elapsed time: 0.001366 seconds 
