num_cls1:  454
num_cls2:  546
num_cls1:  4048
num_cls2:  5952
data shape:  (1000, 2)
labels shape:  (1000,)
num_samples: 1000  C:  0.05  kernel_width:  0.05  mean error:  0.454  std error:  0.002  mean_acc:  0.546
num_samples: 1000  C:  0.0710827488603  kernel_width:  0.05  mean error:  0.454  std error:  0.002  mean_acc:  0.546
num_samples: 1000  C:  0.101055143711  kernel_width:  0.05  mean error:  0.454  std error:  0.002  mean_acc:  0.546
num_samples: 1000  C:  0.143665548028  kernel_width:  0.05  mean error:  0.454  std error:  0.002  mean_acc:  0.546
num_samples: 1000  C:  0.204242841407  kernel_width:  0.05  mean error:  0.454  std error:  0.002  mean_acc:  0.546
num_samples: 1000  C:  0.290362852045  kernel_width:  0.05  mean error:  0.454  std error:  0.002  mean_acc:  0.546
num_samples: 1000  C:  0.412795793806  kernel_width:  0.05  mean error:  0.453  std error:  0.0055  mean_acc:  0.547
num_samples: 1000  C:  0.586853194833  kernel_width:  0.05  mean error:  0.447  std error:  0.0137  mean_acc:  0.553
num_samples: 1000  C:  0.834302765324  kernel_width:  0.05  mean error:  0.382  std error:  0.0287  mean_acc:  0.618
num_samples: 1000  C:  1.18609067882  kernel_width:  0.05  mean error:  0.3639  std error:  0.0356  mean_acc:  0.6361
num_samples: 1000  C:  1.68621171696  kernel_width:  0.05  mean error:  0.3639  std error:  0.0354  mean_acc:  0.6361
num_samples: 1000  C:  2.39721128004  kernel_width:  0.05  mean error:  0.3649  std error:  0.0364  mean_acc:  0.6351
num_samples: 1000  C:  3.40800734768  kernel_width:  0.05  mean error:  0.3659  std error:  0.0363  mean_acc:  0.6341
num_samples: 1000  C:  4.84501060818  kernel_width:  0.05  mean error:  0.3649  std error:  0.0348  mean_acc:  0.6351
num_samples: 1000  C:  6.88793344573  kernel_width:  0.05  mean error:  0.3649  std error:  0.0348  mean_acc:  0.6351
num_samples: 1000  C:  9.79226486577  kernel_width:  0.05  mean error:  0.3649  std error:  0.0348  mean_acc:  0.6351
num_samples: 1000  C:  13.9212220845  kernel_width:  0.05  mean error:  0.3659  std error:  0.0346  mean_acc:  0.6341
num_samples: 1000  C:  19.7911746653  kernel_width:  0.05  mean error:  0.3659  std error:  0.0346  mean_acc:  0.6341
num_samples: 1000  C:  28.1362219676  kernel_width:  0.05  mean error:  0.3659  std error:  0.0346  mean_acc:  0.6341
num_samples: 1000  C:  40.0  kernel_width:  0.05  mean error:  0.3659  std error:  0.0346  mean_acc:  0.6341
num_samples: 1000  C:  0.05  kernel_width:  0.0710827488603  mean error:  0.454  std error:  0.002  mean_acc:  0.546
num_samples: 1000  C:  0.0710827488603  kernel_width:  0.0710827488603  mean error:  0.454  std error:  0.002  mean_acc:  0.546
num_samples: 1000  C:  0.101055143711  kernel_width:  0.0710827488603  mean error:  0.454  std error:  0.002  mean_acc:  0.546
num_samples: 1000  C:  0.143665548028  kernel_width:  0.0710827488603  mean error:  0.454  std error:  0.002  mean_acc:  0.546
num_samples: 1000  C:  0.204242841407  kernel_width:  0.0710827488603  mean error:  0.454  std error:  0.002  mean_acc:  0.546
num_samples: 1000  C:  0.290362852045  kernel_width:  0.0710827488603  mean error:  0.454  std error:  0.002  mean_acc:  0.546
num_samples: 1000  C:  0.412795793806  kernel_width:  0.0710827488603  mean error:  0.449  std error:  0.0064  mean_acc:  0.551
num_samples: 1000  C:  0.586853194833  kernel_width:  0.0710827488603  mean error:  0.405  std error:  0.0252  mean_acc:  0.595
num_samples: 1000  C:  0.834302765324  kernel_width:  0.0710827488603  mean error:  0.3488  std error:  0.0302  mean_acc:  0.6512
num_samples: 1000  C:  1.18609067882  kernel_width:  0.0710827488603  mean error:  0.312  std error:  0.0313  mean_acc:  0.688
num_samples: 1000  C:  1.68621171696  kernel_width:  0.0710827488603  mean error:  0.311  std error:  0.0319  mean_acc:  0.689
num_samples: 1000  C:  2.39721128004  kernel_width:  0.0710827488603  mean error:  0.309  std error:  0.0305  mean_acc:  0.691
num_samples: 1000  C:  3.40800734768  kernel_width:  0.0710827488603  mean error:  0.31  std error:  0.0314  mean_acc:  0.69
num_samples: 1000  C:  4.84501060818  kernel_width:  0.0710827488603  mean error:  0.309  std error:  0.0325  mean_acc:  0.691
num_samples: 1000  C:  6.88793344573  kernel_width:  0.0710827488603  mean error:  0.31  std error:  0.0338  mean_acc:  0.69
num_samples: 1000  C:  9.79226486577  kernel_width:  0.0710827488603  mean error:  0.31  std error:  0.0323  mean_acc:  0.69
num_samples: 1000  C:  13.9212220845  kernel_width:  0.0710827488603  mean error:  0.31  std error:  0.0333  mean_acc:  0.69
num_samples: 1000  C:  19.7911746653  kernel_width:  0.0710827488603  mean error:  0.31  std error:  0.0333  mean_acc:  0.69
num_samples: 1000  C:  28.1362219676  kernel_width:  0.0710827488603  mean error:  0.31  std error:  0.0333  mean_acc:  0.69
num_samples: 1000  C:  40.0  kernel_width:  0.0710827488603  mean error:  0.31  std error:  0.0333  mean_acc:  0.69
num_samples: 1000  C:  0.05  kernel_width:  0.101055143711  mean error:  0.454  std error:  0.002  mean_acc:  0.546
num_samples: 1000  C:  0.0710827488603  kernel_width:  0.101055143711  mean error:  0.454  std error:  0.002  mean_acc:  0.546
num_samples: 1000  C:  0.101055143711  kernel_width:  0.101055143711  mean error:  0.454  std error:  0.002  mean_acc:  0.546
num_samples: 1000  C:  0.143665548028  kernel_width:  0.101055143711  mean error:  0.454  std error:  0.002  mean_acc:  0.546
num_samples: 1000  C:  0.204242841407  kernel_width:  0.101055143711  mean error:  0.454  std error:  0.002  mean_acc:  0.546
num_samples: 1000  C:  0.290362852045  kernel_width:  0.101055143711  mean error:  0.452  std error:  0.0074  mean_acc:  0.548
num_samples: 1000  C:  0.412795793806  kernel_width:  0.101055143711  mean error:  0.409  std error:  0.0218  mean_acc:  0.591
num_samples: 1000  C:  0.586853194833  kernel_width:  0.101055143711  mean error:  0.3299  std error:  0.0283  mean_acc:  0.6701
num_samples: 1000  C:  0.834302765324  kernel_width:  0.101055143711  mean error:  0.284  std error:  0.0252  mean_acc:  0.716
num_samples: 1000  C:  1.18609067882  kernel_width:  0.101055143711  mean error:  0.2709  std error:  0.0296  mean_acc:  0.7291
num_samples: 1000  C:  1.68621171696  kernel_width:  0.101055143711  mean error:  0.2619  std error:  0.0279  mean_acc:  0.7381
num_samples: 1000  C:  2.39721128004  kernel_width:  0.101055143711  mean error:  0.2619  std error:  0.0303  mean_acc:  0.7381
num_samples: 1000  C:  3.40800734768  kernel_width:  0.101055143711  mean error:  0.2629  std error:  0.0309  mean_acc:  0.7371
num_samples: 1000  C:  4.84501060818  kernel_width:  0.101055143711  mean error:  0.2609  std error:  0.0329  mean_acc:  0.7391
num_samples: 1000  C:  6.88793344573  kernel_width:  0.101055143711  mean error:  0.2619  std error:  0.0359  mean_acc:  0.7381
num_samples: 1000  C:  9.79226486577  kernel_width:  0.101055143711  mean error:  0.2649  std error:  0.035  mean_acc:  0.7351
num_samples: 1000  C:  13.9212220845  kernel_width:  0.101055143711  mean error:  0.2639  std error:  0.0345  mean_acc:  0.7361
num_samples: 1000  C:  19.7911746653  kernel_width:  0.101055143711  mean error:  0.2619  std error:  0.0335  mean_acc:  0.7381
num_samples: 1000  C:  28.1362219676  kernel_width:  0.101055143711  mean error:  0.2629  std error:  0.0352  mean_acc:  0.7371
num_samples: 1000  C:  40.0  kernel_width:  0.101055143711  mean error:  0.2629  std error:  0.0352  mean_acc:  0.7371
num_samples: 1000  C:  0.05  kernel_width:  0.143665548028  mean error:  0.454  std error:  0.002  mean_acc:  0.546
num_samples: 1000  C:  0.0710827488603  kernel_width:  0.143665548028  mean error:  0.454  std error:  0.002  mean_acc:  0.546
num_samples: 1000  C:  0.101055143711  kernel_width:  0.143665548028  mean error:  0.454  std error:  0.002  mean_acc:  0.546
num_samples: 1000  C:  0.143665548028  kernel_width:  0.143665548028  mean error:  0.454  std error:  0.002  mean_acc:  0.546
num_samples: 1000  C:  0.204242841407  kernel_width:  0.143665548028  mean error:  0.451  std error:  0.0045  mean_acc:  0.549
num_samples: 1000  C:  0.290362852045  kernel_width:  0.143665548028  mean error:  0.393  std error:  0.0217  mean_acc:  0.607
num_samples: 1000  C:  0.412795793806  kernel_width:  0.143665548028  mean error:  0.2949  std error:  0.0299  mean_acc:  0.7051
num_samples: 1000  C:  0.586853194833  kernel_width:  0.143665548028  mean error:  0.234  std error:  0.0233  mean_acc:  0.766
num_samples: 1000  C:  0.834302765324  kernel_width:  0.143665548028  mean error:  0.216  std error:  0.025  mean_acc:  0.784
num_samples: 1000  C:  1.18609067882  kernel_width:  0.143665548028  mean error:  0.22  std error:  0.0236  mean_acc:  0.78
num_samples: 1000  C:  1.68621171696  kernel_width:  0.143665548028  mean error:  0.2259  std error:  0.0209  mean_acc:  0.7741
num_samples: 1000  C:  2.39721128004  kernel_width:  0.143665548028  mean error:  0.2209  std error:  0.0243  mean_acc:  0.7791
num_samples: 1000  C:  3.40800734768  kernel_width:  0.143665548028  mean error:  0.2239  std error:  0.0257  mean_acc:  0.7761
num_samples: 1000  C:  4.84501060818  kernel_width:  0.143665548028  mean error:  0.2279  std error:  0.027  mean_acc:  0.7721
num_samples: 1000  C:  6.88793344573  kernel_width:  0.143665548028  mean error:  0.2299  std error:  0.0285  mean_acc:  0.7701
num_samples: 1000  C:  9.79226486577  kernel_width:  0.143665548028  mean error:  0.2308  std error:  0.0316  mean_acc:  0.7692
num_samples: 1000  C:  13.9212220845  kernel_width:  0.143665548028  mean error:  0.2349  std error:  0.0283  mean_acc:  0.7651
num_samples: 1000  C:  19.7911746653  kernel_width:  0.143665548028  mean error:  0.2379  std error:  0.0267  mean_acc:  0.7621
num_samples: 1000  C:  28.1362219676  kernel_width:  0.143665548028  mean error:  0.2429  std error:  0.0272  mean_acc:  0.7571
num_samples: 1000  C:  40.0  kernel_width:  0.143665548028  mean error:  0.2419  std error:  0.0271  mean_acc:  0.7581
num_samples: 1000  C:  0.05  kernel_width:  0.204242841407  mean error:  0.454  std error:  0.002  mean_acc:  0.546
num_samples: 1000  C:  0.0710827488603  kernel_width:  0.204242841407  mean error:  0.454  std error:  0.002  mean_acc:  0.546
num_samples: 1000  C:  0.101055143711  kernel_width:  0.204242841407  mean error:  0.454  std error:  0.002  mean_acc:  0.546
num_samples: 1000  C:  0.143665548028  kernel_width:  0.204242841407  mean error:  0.4259  std error:  0.0124  mean_acc:  0.5741
num_samples: 1000  C:  0.204242841407  kernel_width:  0.204242841407  mean error:  0.339  std error:  0.0238  mean_acc:  0.661
num_samples: 1000  C:  0.290362852045  kernel_width:  0.204242841407  mean error:  0.235  std error:  0.0331  mean_acc:  0.765
num_samples: 1000  C:  0.412795793806  kernel_width:  0.204242841407  mean error:  0.198  std error:  0.0308  mean_acc:  0.802
num_samples: 1000  C:  0.586853194833  kernel_width:  0.204242841407  mean error:  0.183  std error:  0.031  mean_acc:  0.817
num_samples: 1000  C:  0.834302765324  kernel_width:  0.204242841407  mean error:  0.1798  std error:  0.0299  mean_acc:  0.8202
num_samples: 1000  C:  1.18609067882  kernel_width:  0.204242841407  mean error:  0.1839  std error:  0.0312  mean_acc:  0.8161
num_samples: 1000  C:  1.68621171696  kernel_width:  0.204242841407  mean error:  0.1879  std error:  0.0273  mean_acc:  0.8121
num_samples: 1000  C:  2.39721128004  kernel_width:  0.204242841407  mean error:  0.1969  std error:  0.0277  mean_acc:  0.8031
num_samples: 1000  C:  3.40800734768  kernel_width:  0.204242841407  mean error:  0.2069  std error:  0.0274  mean_acc:  0.7931
num_samples: 1000  C:  4.84501060818  kernel_width:  0.204242841407  mean error:  0.2149  std error:  0.0201  mean_acc:  0.7851
num_samples: 1000  C:  6.88793344573  kernel_width:  0.204242841407  mean error:  0.2189  std error:  0.0223  mean_acc:  0.7811
num_samples: 1000  C:  9.79226486577  kernel_width:  0.204242841407  mean error:  0.2299  std error:  0.0218  mean_acc:  0.7701
num_samples: 1000  C:  13.9212220845  kernel_width:  0.204242841407  mean error:  0.2339  std error:  0.025  mean_acc:  0.7661
num_samples: 1000  C:  19.7911746653  kernel_width:  0.204242841407  mean error:  0.2409  std error:  0.0241  mean_acc:  0.7591
num_samples: 1000  C:  28.1362219676  kernel_width:  0.204242841407  mean error:  0.2429  std error:  0.0255  mean_acc:  0.7571
num_samples: 1000  C:  40.0  kernel_width:  0.204242841407  mean error:  0.2419  std error:  0.0304  mean_acc:  0.7581
num_samples: 1000  C:  0.05  kernel_width:  0.290362852045  mean error:  0.454  std error:  0.002  mean_acc:  0.546
num_samples: 1000  C:  0.0710827488603  kernel_width:  0.290362852045  mean error:  0.454  std error:  0.002  mean_acc:  0.546
num_samples: 1000  C:  0.101055143711  kernel_width:  0.290362852045  mean error:  0.372  std error:  0.0195  mean_acc:  0.628
num_samples: 1000  C:  0.143665548028  kernel_width:  0.290362852045  mean error:  0.236  std error:  0.0323  mean_acc:  0.764
num_samples: 1000  C:  0.204242841407  kernel_width:  0.290362852045  mean error:  0.1929  std error:  0.0357  mean_acc:  0.8071
num_samples: 1000  C:  0.290362852045  kernel_width:  0.290362852045  mean error:  0.1879  std error:  0.0284  mean_acc:  0.8121
num_samples: 1000  C:  0.412795793806  kernel_width:  0.290362852045  mean error:  0.179  std error:  0.0232  mean_acc:  0.821
num_samples: 1000  C:  0.586853194833  kernel_width:  0.290362852045  mean error:  0.1749  std error:  0.0261  mean_acc:  0.8251
num_samples: 1000  C:  0.834302765324  kernel_width:  0.290362852045  mean error:  0.1679  std error:  0.0255  mean_acc:  0.8321
num_samples: 1000  C:  1.18609067882  kernel_width:  0.290362852045  mean error:  0.1749  std error:  0.0223  mean_acc:  0.8251
num_samples: 1000  C:  1.68621171696  kernel_width:  0.290362852045  mean error:  0.1779  std error:  0.0249  mean_acc:  0.8221
num_samples: 1000  C:  2.39721128004  kernel_width:  0.290362852045  mean error:  0.1829  std error:  0.0292  mean_acc:  0.8171
num_samples: 1000  C:  3.40800734768  kernel_width:  0.290362852045  mean error:  0.1859  std error:  0.0301  mean_acc:  0.8141
num_samples: 1000  C:  4.84501060818  kernel_width:  0.290362852045  mean error:  0.1899  std error:  0.0281  mean_acc:  0.8101
num_samples: 1000  C:  6.88793344573  kernel_width:  0.290362852045  mean error:  0.1929  std error:  0.0251  mean_acc:  0.8071
num_samples: 1000  C:  9.79226486577  kernel_width:  0.290362852045  mean error:  0.2079  std error:  0.0216  mean_acc:  0.7921
num_samples: 1000  C:  13.9212220845  kernel_width:  0.290362852045  mean error:  0.216  std error:  0.0221  mean_acc:  0.784
num_samples: 1000  C:  19.7911746653  kernel_width:  0.290362852045  mean error:  0.224  std error:  0.0149  mean_acc:  0.776
num_samples: 1000  C:  28.1362219676  kernel_width:  0.290362852045  mean error:  0.232  std error:  0.0225  mean_acc:  0.768
num_samples: 1000  C:  40.0  kernel_width:  0.290362852045  mean error:  0.24  std error:  0.0287  mean_acc:  0.76
num_samples: 1000  C:  0.05  kernel_width:  0.412795793806  mean error:  0.432  std error:  0.0067  mean_acc:  0.568
num_samples: 1000  C:  0.0710827488603  kernel_width:  0.412795793806  mean error:  0.233  std error:  0.0372  mean_acc:  0.767
num_samples: 1000  C:  0.101055143711  kernel_width:  0.412795793806  mean error:  0.1889  std error:  0.0278  mean_acc:  0.8111
num_samples: 1000  C:  0.143665548028  kernel_width:  0.412795793806  mean error:  0.1809  std error:  0.0303  mean_acc:  0.8191
num_samples: 1000  C:  0.204242841407  kernel_width:  0.412795793806  mean error:  0.181  std error:  0.0311  mean_acc:  0.819
num_samples: 1000  C:  0.290362852045  kernel_width:  0.412795793806  mean error:  0.181  std error:  0.0248  mean_acc:  0.819
num_samples: 1000  C:  0.412795793806  kernel_width:  0.412795793806  mean error:  0.18  std error:  0.018  mean_acc:  0.82
num_samples: 1000  C:  0.586853194833  kernel_width:  0.412795793806  mean error:  0.18  std error:  0.0173  mean_acc:  0.82
num_samples: 1000  C:  0.834302765324  kernel_width:  0.412795793806  mean error:  0.177  std error:  0.0168  mean_acc:  0.823
num_samples: 1000  C:  1.18609067882  kernel_width:  0.412795793806  mean error:  0.171  std error:  0.0235  mean_acc:  0.829
num_samples: 1000  C:  1.68621171696  kernel_width:  0.412795793806  mean error:  0.175  std error:  0.0221  mean_acc:  0.825
num_samples: 1000  C:  2.39721128004  kernel_width:  0.412795793806  mean error:  0.18  std error:  0.0277  mean_acc:  0.82
num_samples: 1000  C:  3.40800734768  kernel_width:  0.412795793806  mean error:  0.186  std error:  0.0278  mean_acc:  0.814
num_samples: 1000  C:  4.84501060818  kernel_width:  0.412795793806  mean error:  0.187  std error:  0.0286  mean_acc:  0.813
num_samples: 1000  C:  6.88793344573  kernel_width:  0.412795793806  mean error:  0.188  std error:  0.0321  mean_acc:  0.812
num_samples: 1000  C:  9.79226486577  kernel_width:  0.412795793806  mean error:  0.193  std error:  0.0299  mean_acc:  0.807
num_samples: 1000  C:  13.9212220845  kernel_width:  0.412795793806  mean error:  0.202  std error:  0.0328  mean_acc:  0.798
num_samples: 1000  C:  19.7911746653  kernel_width:  0.412795793806  mean error:  0.206  std error:  0.0313  mean_acc:  0.794
num_samples: 1000  C:  28.1362219676  kernel_width:  0.412795793806  mean error:  0.2019  std error:  0.0343  mean_acc:  0.7981
num_samples: 1000  C:  40.0  kernel_width:  0.412795793806  mean error:  0.203  std error:  0.0293  mean_acc:  0.797
num_samples: 1000  C:  0.05  kernel_width:  0.586853194833  mean error:  0.194  std error:  0.0319  mean_acc:  0.806
num_samples: 1000  C:  0.0710827488603  kernel_width:  0.586853194833  mean error:  0.1809  std error:  0.0302  mean_acc:  0.8191
num_samples: 1000  C:  0.101055143711  kernel_width:  0.586853194833  mean error:  0.1789  std error:  0.0289  mean_acc:  0.8211
num_samples: 1000  C:  0.143665548028  kernel_width:  0.586853194833  mean error:  0.1779  std error:  0.0244  mean_acc:  0.8221
num_samples: 1000  C:  0.204242841407  kernel_width:  0.586853194833  mean error:  0.1769  std error:  0.0225  mean_acc:  0.8231
num_samples: 1000  C:  0.290362852045  kernel_width:  0.586853194833  mean error:  0.174  std error:  0.017  mean_acc:  0.826
num_samples: 1000  C:  0.412795793806  kernel_width:  0.586853194833  mean error:  0.1759  std error:  0.0172  mean_acc:  0.8241
num_samples: 1000  C:  0.586853194833  kernel_width:  0.586853194833  mean error:  0.1739  std error:  0.0174  mean_acc:  0.8261
num_samples: 1000  C:  0.834302765324  kernel_width:  0.586853194833  mean error:  0.1799  std error:  0.0154  mean_acc:  0.8201
num_samples: 1000  C:  1.18609067882  kernel_width:  0.586853194833  mean error:  0.178  std error:  0.0135  mean_acc:  0.822
num_samples: 1000  C:  1.68621171696  kernel_width:  0.586853194833  mean error:  0.175  std error:  0.0164  mean_acc:  0.825
num_samples: 1000  C:  2.39721128004  kernel_width:  0.586853194833  mean error:  0.1779  std error:  0.0197  mean_acc:  0.8221
num_samples: 1000  C:  3.40800734768  kernel_width:  0.586853194833  mean error:  0.1749  std error:  0.0233  mean_acc:  0.8251
num_samples: 1000  C:  4.84501060818  kernel_width:  0.586853194833  mean error:  0.174  std error:  0.0188  mean_acc:  0.826
num_samples: 1000  C:  6.88793344573  kernel_width:  0.586853194833  mean error:  0.176  std error:  0.0218  mean_acc:  0.824
num_samples: 1000  C:  9.79226486577  kernel_width:  0.586853194833  mean error:  0.178  std error:  0.0257  mean_acc:  0.822
num_samples: 1000  C:  13.9212220845  kernel_width:  0.586853194833  mean error:  0.191  std error:  0.0302  mean_acc:  0.809
num_samples: 1000  C:  19.7911746653  kernel_width:  0.586853194833  mean error:  0.1949  std error:  0.0316  mean_acc:  0.8051
num_samples: 1000  C:  28.1362219676  kernel_width:  0.586853194833  mean error:  0.197  std error:  0.0305  mean_acc:  0.803
num_samples: 1000  C:  40.0  kernel_width:  0.586853194833  mean error:  0.197  std error:  0.0253  mean_acc:  0.803
num_samples: 1000  C:  0.05  kernel_width:  0.834302765324  mean error:  0.1799  std error:  0.0292  mean_acc:  0.8201
num_samples: 1000  C:  0.0710827488603  kernel_width:  0.834302765324  mean error:  0.1729  std error:  0.0301  mean_acc:  0.8271
num_samples: 1000  C:  0.101055143711  kernel_width:  0.834302765324  mean error:  0.1719  std error:  0.0299  mean_acc:  0.8281
num_samples: 1000  C:  0.143665548028  kernel_width:  0.834302765324  mean error:  0.1739  std error:  0.0302  mean_acc:  0.8261
num_samples: 1000  C:  0.204242841407  kernel_width:  0.834302765324  mean error:  0.1719  std error:  0.0291  mean_acc:  0.8281
num_samples: 1000  C:  0.290362852045  kernel_width:  0.834302765324  mean error:  0.1709  std error:  0.0276  mean_acc:  0.8291
num_samples: 1000  C:  0.412795793806  kernel_width:  0.834302765324  mean error:  0.168  std error:  0.0218  mean_acc:  0.832
num_samples: 1000  C:  0.586853194833  kernel_width:  0.834302765324  mean error:  0.1719  std error:  0.0237  mean_acc:  0.8281
num_samples: 1000  C:  0.834302765324  kernel_width:  0.834302765324  mean error:  0.174  std error:  0.0174  mean_acc:  0.826
num_samples: 1000  C:  1.18609067882  kernel_width:  0.834302765324  mean error:  0.177  std error:  0.0175  mean_acc:  0.823
num_samples: 1000  C:  1.68621171696  kernel_width:  0.834302765324  mean error:  0.176  std error:  0.0154  mean_acc:  0.824
num_samples: 1000  C:  2.39721128004  kernel_width:  0.834302765324  mean error:  0.174  std error:  0.0161  mean_acc:  0.826
num_samples: 1000  C:  3.40800734768  kernel_width:  0.834302765324  mean error:  0.178  std error:  0.0137  mean_acc:  0.822
num_samples: 1000  C:  4.84501060818  kernel_width:  0.834302765324  mean error:  0.177  std error:  0.0115  mean_acc:  0.823
num_samples: 1000  C:  6.88793344573  kernel_width:  0.834302765324  mean error:  0.177  std error:  0.0145  mean_acc:  0.823
num_samples: 1000  C:  9.79226486577  kernel_width:  0.834302765324  mean error:  0.182  std error:  0.0128  mean_acc:  0.818
num_samples: 1000  C:  13.9212220845  kernel_width:  0.834302765324  mean error:  0.184  std error:  0.0123  mean_acc:  0.816
num_samples: 1000  C:  19.7911746653  kernel_width:  0.834302765324  mean error:  0.183  std error:  0.0125  mean_acc:  0.817
num_samples: 1000  C:  28.1362219676  kernel_width:  0.834302765324  mean error:  0.185  std error:  0.021  mean_acc:  0.815
num_samples: 1000  C:  40.0  kernel_width:  0.834302765324  mean error:  0.186  std error:  0.0243  mean_acc:  0.814
num_samples: 1000  C:  0.05  kernel_width:  1.18609067882  mean error:  0.1699  std error:  0.028  mean_acc:  0.8301
num_samples: 1000  C:  0.0710827488603  kernel_width:  1.18609067882  mean error:  0.1719  std error:  0.0303  mean_acc:  0.8281
num_samples: 1000  C:  0.101055143711  kernel_width:  1.18609067882  mean error:  0.1739  std error:  0.0313  mean_acc:  0.8261
num_samples: 1000  C:  0.143665548028  kernel_width:  1.18609067882  mean error:  0.1739  std error:  0.0326  mean_acc:  0.8261
num_samples: 1000  C:  0.204242841407  kernel_width:  1.18609067882  mean error:  0.1729  std error:  0.0334  mean_acc:  0.8271
num_samples: 1000  C:  0.290362852045  kernel_width:  1.18609067882  mean error:  0.1719  std error:  0.0261  mean_acc:  0.8281
num_samples: 1000  C:  0.412795793806  kernel_width:  1.18609067882  mean error:  0.1749  std error:  0.0289  mean_acc:  0.8251
num_samples: 1000  C:  0.586853194833  kernel_width:  1.18609067882  mean error:  0.1709  std error:  0.0287  mean_acc:  0.8291
num_samples: 1000  C:  0.834302765324  kernel_width:  1.18609067882  mean error:  0.1689  std error:  0.0304  mean_acc:  0.8311
num_samples: 1000  C:  1.18609067882  kernel_width:  1.18609067882  mean error:  0.1689  std error:  0.0253  mean_acc:  0.8311
num_samples: 1000  C:  1.68621171696  kernel_width:  1.18609067882  mean error:  0.1729  std error:  0.0219  mean_acc:  0.8271
num_samples: 1000  C:  2.39721128004  kernel_width:  1.18609067882  mean error:  0.171  std error:  0.0215  mean_acc:  0.829
num_samples: 1000  C:  3.40800734768  kernel_width:  1.18609067882  mean error:  0.174  std error:  0.0203  mean_acc:  0.826
num_samples: 1000  C:  4.84501060818  kernel_width:  1.18609067882  mean error:  0.178  std error:  0.0179  mean_acc:  0.822
num_samples: 1000  C:  6.88793344573  kernel_width:  1.18609067882  mean error:  0.176  std error:  0.0171  mean_acc:  0.824
num_samples: 1000  C:  9.79226486577  kernel_width:  1.18609067882  mean error:  0.178  std error:  0.0174  mean_acc:  0.822
num_samples: 1000  C:  13.9212220845  kernel_width:  1.18609067882  mean error:  0.18  std error:  0.0156  mean_acc:  0.82
num_samples: 1000  C:  19.7911746653  kernel_width:  1.18609067882  mean error:  0.178  std error:  0.0137  mean_acc:  0.822
num_samples: 1000  C:  28.1362219676  kernel_width:  1.18609067882  mean error:  0.177  std error:  0.0175  mean_acc:  0.823
num_samples: 1000  C:  40.0  kernel_width:  1.18609067882  mean error:  0.181  std error:  0.014  mean_acc:  0.819
num_samples: 1000  C:  0.05  kernel_width:  1.68621171696  mean error:  0.1739  std error:  0.0292  mean_acc:  0.8261
num_samples: 1000  C:  0.0710827488603  kernel_width:  1.68621171696  mean error:  0.1719  std error:  0.0282  mean_acc:  0.8281
num_samples: 1000  C:  0.101055143711  kernel_width:  1.68621171696  mean error:  0.1719  std error:  0.0295  mean_acc:  0.8281
num_samples: 1000  C:  0.143665548028  kernel_width:  1.68621171696  mean error:  0.1719  std error:  0.0325  mean_acc:  0.8281
num_samples: 1000  C:  0.204242841407  kernel_width:  1.68621171696  mean error:  0.1729  std error:  0.0316  mean_acc:  0.8271
num_samples: 1000  C:  0.290362852045  kernel_width:  1.68621171696  mean error:  0.1729  std error:  0.029  mean_acc:  0.8271
num_samples: 1000  C:  0.412795793806  kernel_width:  1.68621171696  mean error:  0.1729  std error:  0.0307  mean_acc:  0.8271
num_samples: 1000  C:  0.586853194833  kernel_width:  1.68621171696  mean error:  0.1779  std error:  0.028  mean_acc:  0.8221
num_samples: 1000  C:  0.834302765324  kernel_width:  1.68621171696  mean error:  0.1739  std error:  0.0322  mean_acc:  0.8261
num_samples: 1000  C:  1.18609067882  kernel_width:  1.68621171696  mean error:  0.1719  std error:  0.0313  mean_acc:  0.8281
num_samples: 1000  C:  1.68621171696  kernel_width:  1.68621171696  mean error:  0.1709  std error:  0.0305  mean_acc:  0.8291
num_samples: 1000  C:  2.39721128004  kernel_width:  1.68621171696  mean error:  0.1689  std error:  0.0312  mean_acc:  0.8311
num_samples: 1000  C:  3.40800734768  kernel_width:  1.68621171696  mean error:  0.1689  std error:  0.0287  mean_acc:  0.8311
num_samples: 1000  C:  4.84501060818  kernel_width:  1.68621171696  mean error:  0.1669  std error:  0.0337  mean_acc:  0.8331
num_samples: 1000  C:  6.88793344573  kernel_width:  1.68621171696  mean error:  0.1699  std error:  0.034  mean_acc:  0.8301
num_samples: 1000  C:  9.79226486577  kernel_width:  1.68621171696  mean error:  0.1739  std error:  0.0357  mean_acc:  0.8261
num_samples: 1000  C:  13.9212220845  kernel_width:  1.68621171696  mean error:  0.1719  std error:  0.0342  mean_acc:  0.8281
num_samples: 1000  C:  19.7911746653  kernel_width:  1.68621171696  mean error:  0.1739  std error:  0.0297  mean_acc:  0.8261
num_samples: 1000  C:  28.1362219676  kernel_width:  1.68621171696  mean error:  0.1749  std error:  0.0288  mean_acc:  0.8251
num_samples: 1000  C:  40.0  kernel_width:  1.68621171696  mean error:  0.1769  std error:  0.0251  mean_acc:  0.8231
num_samples: 1000  C:  0.05  kernel_width:  2.39721128004  mean error:  0.1709  std error:  0.0285  mean_acc:  0.8291
num_samples: 1000  C:  0.0710827488603  kernel_width:  2.39721128004  mean error:  0.1699  std error:  0.0283  mean_acc:  0.8301
num_samples: 1000  C:  0.101055143711  kernel_width:  2.39721128004  mean error:  0.1679  std error:  0.0299  mean_acc:  0.8321
num_samples: 1000  C:  0.143665548028  kernel_width:  2.39721128004  mean error:  0.1669  std error:  0.0318  mean_acc:  0.8331
num_samples: 1000  C:  0.204242841407  kernel_width:  2.39721128004  mean error:  0.1699  std error:  0.0323  mean_acc:  0.8301
num_samples: 1000  C:  0.290362852045  kernel_width:  2.39721128004  mean error:  0.167  std error:  0.0302  mean_acc:  0.833
num_samples: 1000  C:  0.412795793806  kernel_width:  2.39721128004  mean error:  0.1689  std error:  0.0283  mean_acc:  0.8311
num_samples: 1000  C:  0.586853194833  kernel_width:  2.39721128004  mean error:  0.1709  std error:  0.0279  mean_acc:  0.8291
num_samples: 1000  C:  0.834302765324  kernel_width:  2.39721128004  mean error:  0.1749  std error:  0.0325  mean_acc:  0.8251
num_samples: 1000  C:  1.18609067882  kernel_width:  2.39721128004  mean error:  0.1739  std error:  0.0322  mean_acc:  0.8261
num_samples: 1000  C:  1.68621171696  kernel_width:  2.39721128004  mean error:  0.1719  std error:  0.0293  mean_acc:  0.8281
num_samples: 1000  C:  2.39721128004  kernel_width:  2.39721128004  mean error:  0.1699  std error:  0.0284  mean_acc:  0.8301
num_samples: 1000  C:  3.40800734768  kernel_width:  2.39721128004  mean error:  0.1709  std error:  0.0292  mean_acc:  0.8291
num_samples: 1000  C:  4.84501060818  kernel_width:  2.39721128004  mean error:  0.1679  std error:  0.03  mean_acc:  0.8321
num_samples: 1000  C:  6.88793344573  kernel_width:  2.39721128004  mean error:  0.1679  std error:  0.0291  mean_acc:  0.8321
num_samples: 1000  C:  9.79226486577  kernel_width:  2.39721128004  mean error:  0.1699  std error:  0.0269  mean_acc:  0.8301
num_samples: 1000  C:  13.9212220845  kernel_width:  2.39721128004  mean error:  0.1699  std error:  0.0271  mean_acc:  0.8301
num_samples: 1000  C:  19.7911746653  kernel_width:  2.39721128004  mean error:  0.1709  std error:  0.0276  mean_acc:  0.8291
num_samples: 1000  C:  28.1362219676  kernel_width:  2.39721128004  mean error:  0.1709  std error:  0.0284  mean_acc:  0.8291
num_samples: 1000  C:  40.0  kernel_width:  2.39721128004  mean error:  0.1689  std error:  0.0313  mean_acc:  0.8311
num_samples: 1000  C:  0.05  kernel_width:  3.40800734768  mean error:  0.1629  std error:  0.032  mean_acc:  0.8371
num_samples: 1000  C:  0.0710827488603  kernel_width:  3.40800734768  mean error:  0.1589  std error:  0.0349  mean_acc:  0.8411
num_samples: 1000  C:  0.101055143711  kernel_width:  3.40800734768  mean error:  0.1579  std error:  0.0358  mean_acc:  0.8421
num_samples: 1000  C:  0.143665548028  kernel_width:  3.40800734768  mean error:  0.158  std error:  0.0333  mean_acc:  0.842
num_samples: 1000  C:  0.204242841407  kernel_width:  3.40800734768  mean error:  0.1609  std error:  0.0342  mean_acc:  0.8391
num_samples: 1000  C:  0.290362852045  kernel_width:  3.40800734768  mean error:  0.1609  std error:  0.0314  mean_acc:  0.8391
num_samples: 1000  C:  0.412795793806  kernel_width:  3.40800734768  mean error:  0.1599  std error:  0.0318  mean_acc:  0.8401
num_samples: 1000  C:  0.586853194833  kernel_width:  3.40800734768  mean error:  0.1589  std error:  0.0352  mean_acc:  0.8411
num_samples: 1000  C:  0.834302765324  kernel_width:  3.40800734768  mean error:  0.1599  std error:  0.0358  mean_acc:  0.8401
num_samples: 1000  C:  1.18609067882  kernel_width:  3.40800734768  mean error:  0.1599  std error:  0.0342  mean_acc:  0.8401
num_samples: 1000  C:  1.68621171696  kernel_width:  3.40800734768  mean error:  0.1639  std error:  0.0306  mean_acc:  0.8361
num_samples: 1000  C:  2.39721128004  kernel_width:  3.40800734768  mean error:  0.1639  std error:  0.0314  mean_acc:  0.8361
num_samples: 1000  C:  3.40800734768  kernel_width:  3.40800734768  mean error:  0.162  std error:  0.0276  mean_acc:  0.838
num_samples: 1000  C:  4.84501060818  kernel_width:  3.40800734768  mean error:  0.162  std error:  0.0266  mean_acc:  0.838
num_samples: 1000  C:  6.88793344573  kernel_width:  3.40800734768  mean error:  0.163  std error:  0.0284  mean_acc:  0.837
num_samples: 1000  C:  9.79226486577  kernel_width:  3.40800734768  mean error:  0.166  std error:  0.0258  mean_acc:  0.834
num_samples: 1000  C:  13.9212220845  kernel_width:  3.40800734768  mean error:  0.1659  std error:  0.0299  mean_acc:  0.8341
num_samples: 1000  C:  19.7911746653  kernel_width:  3.40800734768  mean error:  0.1669  std error:  0.0263  mean_acc:  0.8331
num_samples: 1000  C:  28.1362219676  kernel_width:  3.40800734768  mean error:  0.1679  std error:  0.0281  mean_acc:  0.8321
num_samples: 1000  C:  40.0  kernel_width:  3.40800734768  mean error:  0.1699  std error:  0.0306  mean_acc:  0.8301
num_samples: 1000  C:  0.05  kernel_width:  4.84501060818  mean error:  0.1589  std error:  0.0274  mean_acc:  0.8411
num_samples: 1000  C:  0.0710827488603  kernel_width:  4.84501060818  mean error:  0.1559  std error:  0.0259  mean_acc:  0.8441
num_samples: 1000  C:  0.101055143711  kernel_width:  4.84501060818  mean error:  0.1529  std error:  0.0286  mean_acc:  0.8471
num_samples: 1000  C:  0.143665548028  kernel_width:  4.84501060818  mean error:  0.1519  std error:  0.0272  mean_acc:  0.8481
num_samples: 1000  C:  0.204242841407  kernel_width:  4.84501060818  mean error:  0.1519  std error:  0.0263  mean_acc:  0.8481
num_samples: 1000  C:  0.290362852045  kernel_width:  4.84501060818  mean error:  0.1509  std error:  0.0268  mean_acc:  0.8491
num_samples: 1000  C:  0.412795793806  kernel_width:  4.84501060818  mean error:  0.1549  std error:  0.0257  mean_acc:  0.8451
num_samples: 1000  C:  0.586853194833  kernel_width:  4.84501060818  mean error:  0.1549  std error:  0.0274  mean_acc:  0.8451
num_samples: 1000  C:  0.834302765324  kernel_width:  4.84501060818  mean error:  0.1569  std error:  0.0249  mean_acc:  0.8431
num_samples: 1000  C:  1.18609067882  kernel_width:  4.84501060818  mean error:  0.1549  std error:  0.0279  mean_acc:  0.8451
num_samples: 1000  C:  1.68621171696  kernel_width:  4.84501060818  mean error:  0.1589  std error:  0.0276  mean_acc:  0.8411
num_samples: 1000  C:  2.39721128004  kernel_width:  4.84501060818  mean error:  0.156  std error:  0.0291  mean_acc:  0.844
num_samples: 1000  C:  3.40800734768  kernel_width:  4.84501060818  mean error:  0.1559  std error:  0.0306  mean_acc:  0.8441
num_samples: 1000  C:  4.84501060818  kernel_width:  4.84501060818  mean error:  0.1579  std error:  0.0291  mean_acc:  0.8421
num_samples: 1000  C:  6.88793344573  kernel_width:  4.84501060818  mean error:  0.1589  std error:  0.031  mean_acc:  0.8411
num_samples: 1000  C:  9.79226486577  kernel_width:  4.84501060818  mean error:  0.1599  std error:  0.0288  mean_acc:  0.8401
num_samples: 1000  C:  13.9212220845  kernel_width:  4.84501060818  mean error:  0.1609  std error:  0.0283  mean_acc:  0.8391
num_samples: 1000  C:  19.7911746653  kernel_width:  4.84501060818  mean error:  0.162  std error:  0.0278  mean_acc:  0.838
num_samples: 1000  C:  28.1362219676  kernel_width:  4.84501060818  mean error:  0.1609  std error:  0.0291  mean_acc:  0.8391
num_samples: 1000  C:  40.0  kernel_width:  4.84501060818  mean error:  0.162  std error:  0.0261  mean_acc:  0.838
num_samples: 1000  C:  0.05  kernel_width:  6.88793344573  mean error:  0.454  std error:  0.002  mean_acc:  0.546
num_samples: 1000  C:  0.0710827488603  kernel_width:  6.88793344573  mean error:  0.393  std error:  0.0258  mean_acc:  0.607
num_samples: 1000  C:  0.101055143711  kernel_width:  6.88793344573  mean error:  0.1809  std error:  0.0206  mean_acc:  0.8191
num_samples: 1000  C:  0.143665548028  kernel_width:  6.88793344573  mean error:  0.1709  std error:  0.0261  mean_acc:  0.8291
num_samples: 1000  C:  0.204242841407  kernel_width:  6.88793344573  mean error:  0.1599  std error:  0.0275  mean_acc:  0.8401
num_samples: 1000  C:  0.290362852045  kernel_width:  6.88793344573  mean error:  0.1609  std error:  0.026  mean_acc:  0.8391
num_samples: 1000  C:  0.412795793806  kernel_width:  6.88793344573  mean error:  0.1579  std error:  0.0292  mean_acc:  0.8421
num_samples: 1000  C:  0.586853194833  kernel_width:  6.88793344573  mean error:  0.1569  std error:  0.0257  mean_acc:  0.8431
num_samples: 1000  C:  0.834302765324  kernel_width:  6.88793344573  mean error:  0.1539  std error:  0.028  mean_acc:  0.8461
num_samples: 1000  C:  1.18609067882  kernel_width:  6.88793344573  mean error:  0.1509  std error:  0.0268  mean_acc:  0.8491
num_samples: 1000  C:  1.68621171696  kernel_width:  6.88793344573  mean error:  0.1519  std error:  0.0251  mean_acc:  0.8481
num_samples: 1000  C:  2.39721128004  kernel_width:  6.88793344573  mean error:  0.1509  std error:  0.025  mean_acc:  0.8491
num_samples: 1000  C:  3.40800734768  kernel_width:  6.88793344573  mean error:  0.1519  std error:  0.024  mean_acc:  0.8481
num_samples: 1000  C:  4.84501060818  kernel_width:  6.88793344573  mean error:  0.1519  std error:  0.0266  mean_acc:  0.8481
num_samples: 1000  C:  6.88793344573  kernel_width:  6.88793344573  mean error:  0.155  std error:  0.0239  mean_acc:  0.845
num_samples: 1000  C:  9.79226486577  kernel_width:  6.88793344573  mean error:  0.1599  std error:  0.0232  mean_acc:  0.8401
num_samples: 1000  C:  13.9212220845  kernel_width:  6.88793344573  mean error:  0.1609  std error:  0.0245  mean_acc:  0.8391
num_samples: 1000  C:  19.7911746653  kernel_width:  6.88793344573  mean error:  0.1589  std error:  0.0219  mean_acc:  0.8411
num_samples: 1000  C:  28.1362219676  kernel_width:  6.88793344573  mean error:  0.1589  std error:  0.0256  mean_acc:  0.8411
num_samples: 1000  C:  40.0  kernel_width:  6.88793344573  mean error:  0.1599  std error:  0.0294  mean_acc:  0.8401
num_samples: 1000  C:  0.05  kernel_width:  9.79226486577  mean error:  0.454  std error:  0.002  mean_acc:  0.546
num_samples: 1000  C:  0.0710827488603  kernel_width:  9.79226486577  mean error:  0.454  std error:  0.002  mean_acc:  0.546
num_samples: 1000  C:  0.101055143711  kernel_width:  9.79226486577  mean error:  0.454  std error:  0.002  mean_acc:  0.546
num_samples: 1000  C:  0.143665548028  kernel_width:  9.79226486577  mean error:  0.454  std error:  0.002  mean_acc:  0.546
num_samples: 1000  C:  0.204242841407  kernel_width:  9.79226486577  mean error:  0.454  std error:  0.002  mean_acc:  0.546
num_samples: 1000  C:  0.290362852045  kernel_width:  9.79226486577  mean error:  0.22  std error:  0.0277  mean_acc:  0.78
num_samples: 1000  C:  0.412795793806  kernel_width:  9.79226486577  mean error:  0.1628  std error:  0.0316  mean_acc:  0.8372
num_samples: 1000  C:  0.586853194833  kernel_width:  9.79226486577  mean error:  0.1719  std error:  0.0275  mean_acc:  0.8281
num_samples: 1000  C:  0.834302765324  kernel_width:  9.79226486577  mean error:  0.1669  std error:  0.0258  mean_acc:  0.8331
num_samples: 1000  C:  1.18609067882  kernel_width:  9.79226486577  mean error:  0.1629  std error:  0.0282  mean_acc:  0.8371
num_samples: 1000  C:  1.68621171696  kernel_width:  9.79226486577  mean error:  0.1579  std error:  0.0292  mean_acc:  0.8421
num_samples: 1000  C:  2.39721128004  kernel_width:  9.79226486577  mean error:  0.1599  std error:  0.026  mean_acc:  0.8401
num_samples: 1000  C:  3.40800734768  kernel_width:  9.79226486577  mean error:  0.1539  std error:  0.0279  mean_acc:  0.8461
num_samples: 1000  C:  4.84501060818  kernel_width:  9.79226486577  mean error:  0.1539  std error:  0.0267  mean_acc:  0.8461
num_samples: 1000  C:  6.88793344573  kernel_width:  9.79226486577  mean error:  0.1529  std error:  0.0267  mean_acc:  0.8471
num_samples: 1000  C:  9.79226486577  kernel_width:  9.79226486577  mean error:  0.1539  std error:  0.0268  mean_acc:  0.8461
num_samples: 1000  C:  13.9212220845  kernel_width:  9.79226486577  mean error:  0.1509  std error:  0.0268  mean_acc:  0.8491
num_samples: 1000  C:  19.7911746653  kernel_width:  9.79226486577  mean error:  0.1539  std error:  0.0249  mean_acc:  0.8461
num_samples: 1000  C:  28.1362219676  kernel_width:  9.79226486577  mean error:  0.1559  std error:  0.0261  mean_acc:  0.8441
num_samples: 1000  C:  40.0  kernel_width:  9.79226486577  mean error:  0.1559  std error:  0.0252  mean_acc:  0.8441
num_samples: 1000  C:  0.05  kernel_width:  13.9212220845  mean error:  0.454  std error:  0.002  mean_acc:  0.546
num_samples: 1000  C:  0.0710827488603  kernel_width:  13.9212220845  mean error:  0.454  std error:  0.002  mean_acc:  0.546
num_samples: 1000  C:  0.101055143711  kernel_width:  13.9212220845  mean error:  0.454  std error:  0.002  mean_acc:  0.546
num_samples: 1000  C:  0.143665548028  kernel_width:  13.9212220845  mean error:  0.454  std error:  0.002  mean_acc:  0.546
num_samples: 1000  C:  0.204242841407  kernel_width:  13.9212220845  mean error:  0.454  std error:  0.002  mean_acc:  0.546
num_samples: 1000  C:  0.290362852045  kernel_width:  13.9212220845  mean error:  0.454  std error:  0.002  mean_acc:  0.546
num_samples: 1000  C:  0.412795793806  kernel_width:  13.9212220845  mean error:  0.454  std error:  0.002  mean_acc:  0.546
num_samples: 1000  C:  0.586853194833  kernel_width:  13.9212220845  mean error:  0.454  std error:  0.002  mean_acc:  0.546
num_samples: 1000  C:  0.834302765324  kernel_width:  13.9212220845  mean error:  0.447  std error:  0.013  mean_acc:  0.553
num_samples: 1000  C:  1.18609067882  kernel_width:  13.9212220845  mean error:  0.187  std error:  0.0287  mean_acc:  0.813
num_samples: 1000  C:  1.68621171696  kernel_width:  13.9212220845  mean error:  0.1879  std error:  0.0323  mean_acc:  0.8121
num_samples: 1000  C:  2.39721128004  kernel_width:  13.9212220845  mean error:  0.1749  std error:  0.0293  mean_acc:  0.8251
num_samples: 1000  C:  3.40800734768  kernel_width:  13.9212220845  mean error:  0.1699  std error:  0.0253  mean_acc:  0.8301
num_samples: 1000  C:  4.84501060818  kernel_width:  13.9212220845  mean error:  0.1649  std error:  0.0265  mean_acc:  0.8351
num_samples: 1000  C:  6.88793344573  kernel_width:  13.9212220845  mean error:  0.1629  std error:  0.0257  mean_acc:  0.8371
num_samples: 1000  C:  9.79226486577  kernel_width:  13.9212220845  mean error:  0.1599  std error:  0.0278  mean_acc:  0.8401
num_samples: 1000  C:  13.9212220845  kernel_width:  13.9212220845  mean error:  0.1539  std error:  0.0286  mean_acc:  0.8461
num_samples: 1000  C:  19.7911746653  kernel_width:  13.9212220845  mean error:  0.1549  std error:  0.0294  mean_acc:  0.8451
num_samples: 1000  C:  28.1362219676  kernel_width:  13.9212220845  mean error:  0.154  std error:  0.0254  mean_acc:  0.846
num_samples: 1000  C:  40.0  kernel_width:  13.9212220845  mean error:  0.155  std error:  0.0262  mean_acc:  0.845
num_samples: 1000  C:  0.05  kernel_width:  19.7911746653  mean error:  0.454  std error:  0.002  mean_acc:  0.546
num_samples: 1000  C:  0.0710827488603  kernel_width:  19.7911746653  mean error:  0.454  std error:  0.002  mean_acc:  0.546
num_samples: 1000  C:  0.101055143711  kernel_width:  19.7911746653  mean error:  0.454  std error:  0.002  mean_acc:  0.546
num_samples: 1000  C:  0.143665548028  kernel_width:  19.7911746653  mean error:  0.454  std error:  0.002  mean_acc:  0.546
num_samples: 1000  C:  0.204242841407  kernel_width:  19.7911746653  mean error:  0.454  std error:  0.002  mean_acc:  0.546
num_samples: 1000  C:  0.290362852045  kernel_width:  19.7911746653  mean error:  0.454  std error:  0.002  mean_acc:  0.546
num_samples: 1000  C:  0.412795793806  kernel_width:  19.7911746653  mean error:  0.454  std error:  0.002  mean_acc:  0.546
num_samples: 1000  C:  0.586853194833  kernel_width:  19.7911746653  mean error:  0.454  std error:  0.002  mean_acc:  0.546
num_samples: 1000  C:  0.834302765324  kernel_width:  19.7911746653  mean error:  0.454  std error:  0.002  mean_acc:  0.546
num_samples: 1000  C:  1.18609067882  kernel_width:  19.7911746653  mean error:  0.454  std error:  0.002  mean_acc:  0.546
num_samples: 1000  C:  1.68621171696  kernel_width:  19.7911746653  mean error:  0.454  std error:  0.002  mean_acc:  0.546
num_samples: 1000  C:  2.39721128004  kernel_width:  19.7911746653  mean error:  0.454  std error:  0.002  mean_acc:  0.546
num_samples: 1000  C:  3.40800734768  kernel_width:  19.7911746653  mean error:  0.416  std error:  0.0347  mean_acc:  0.584
num_samples: 1000  C:  4.84501060818  kernel_width:  19.7911746653  mean error:  0.1769  std error:  0.024  mean_acc:  0.8231
num_samples: 1000  C:  6.88793344573  kernel_width:  19.7911746653  mean error:  0.1909  std error:  0.0311  mean_acc:  0.8091
num_samples: 1000  C:  9.79226486577  kernel_width:  19.7911746653  mean error:  0.1779  std error:  0.0278  mean_acc:  0.8221
num_samples: 1000  C:  13.9212220845  kernel_width:  19.7911746653  mean error:  0.1719  std error:  0.0275  mean_acc:  0.8281
num_samples: 1000  C:  19.7911746653  kernel_width:  19.7911746653  mean error:  0.1659  std error:  0.0235  mean_acc:  0.8341
num_samples: 1000  C:  28.1362219676  kernel_width:  19.7911746653  mean error:  0.1609  std error:  0.0263  mean_acc:  0.8391
num_samples: 1000  C:  40.0  kernel_width:  19.7911746653  mean error:  0.1579  std error:  0.0285  mean_acc:  0.8421
num_samples: 1000  C:  0.05  kernel_width:  28.1362219676  mean error:  0.454  std error:  0.002  mean_acc:  0.546
num_samples: 1000  C:  0.0710827488603  kernel_width:  28.1362219676  mean error:  0.454  std error:  0.002  mean_acc:  0.546
num_samples: 1000  C:  0.101055143711  kernel_width:  28.1362219676  mean error:  0.454  std error:  0.002  mean_acc:  0.546
num_samples: 1000  C:  0.143665548028  kernel_width:  28.1362219676  mean error:  0.454  std error:  0.002  mean_acc:  0.546
num_samples: 1000  C:  0.204242841407  kernel_width:  28.1362219676  mean error:  0.454  std error:  0.002  mean_acc:  0.546
num_samples: 1000  C:  0.290362852045  kernel_width:  28.1362219676  mean error:  0.454  std error:  0.002  mean_acc:  0.546
num_samples: 1000  C:  0.412795793806  kernel_width:  28.1362219676  mean error:  0.454  std error:  0.002  mean_acc:  0.546
num_samples: 1000  C:  0.586853194833  kernel_width:  28.1362219676  mean error:  0.454  std error:  0.002  mean_acc:  0.546
num_samples: 1000  C:  0.834302765324  kernel_width:  28.1362219676  mean error:  0.454  std error:  0.002  mean_acc:  0.546
num_samples: 1000  C:  1.18609067882  kernel_width:  28.1362219676  mean error:  0.454  std error:  0.002  mean_acc:  0.546
num_samples: 1000  C:  1.68621171696  kernel_width:  28.1362219676  mean error:  0.454  std error:  0.002  mean_acc:  0.546
num_samples: 1000  C:  2.39721128004  kernel_width:  28.1362219676  mean error:  0.454  std error:  0.002  mean_acc:  0.546
num_samples: 1000  C:  3.40800734768  kernel_width:  28.1362219676  mean error:  0.454  std error:  0.002  mean_acc:  0.546
num_samples: 1000  C:  4.84501060818  kernel_width:  28.1362219676  mean error:  0.454  std error:  0.002  mean_acc:  0.546
num_samples: 1000  C:  6.88793344573  kernel_width:  28.1362219676  mean error:  0.454  std error:  0.002  mean_acc:  0.546
num_samples: 1000  C:  9.79226486577  kernel_width:  28.1362219676  mean error:  0.454  std error:  0.002  mean_acc:  0.546
num_samples: 1000  C:  13.9212220845  kernel_width:  28.1362219676  mean error:  0.395  std error:  0.0314  mean_acc:  0.605
num_samples: 1000  C:  19.7911746653  kernel_width:  28.1362219676  mean error:  0.1719  std error:  0.0349  mean_acc:  0.8281
num_samples: 1000  C:  28.1362219676  kernel_width:  28.1362219676  mean error:  0.1919  std error:  0.031  mean_acc:  0.8081
num_samples: 1000  C:  40.0  kernel_width:  28.1362219676  mean error:  0.1779  std error:  0.0282  mean_acc:  0.8221
num_samples: 1000  C:  0.05  kernel_width:  40.0  mean error:  0.454  std error:  0.002  mean_acc:  0.546
num_samples: 1000  C:  0.0710827488603  kernel_width:  40.0  mean error:  0.454  std error:  0.002  mean_acc:  0.546
num_samples: 1000  C:  0.101055143711  kernel_width:  40.0  mean error:  0.454  std error:  0.002  mean_acc:  0.546
num_samples: 1000  C:  0.143665548028  kernel_width:  40.0  mean error:  0.454  std error:  0.002  mean_acc:  0.546
num_samples: 1000  C:  0.204242841407  kernel_width:  40.0  mean error:  0.454  std error:  0.002  mean_acc:  0.546
num_samples: 1000  C:  0.290362852045  kernel_width:  40.0  mean error:  0.454  std error:  0.002  mean_acc:  0.546
num_samples: 1000  C:  0.412795793806  kernel_width:  40.0  mean error:  0.454  std error:  0.002  mean_acc:  0.546
num_samples: 1000  C:  0.586853194833  kernel_width:  40.0  mean error:  0.454  std error:  0.002  mean_acc:  0.546
num_samples: 1000  C:  0.834302765324  kernel_width:  40.0  mean error:  0.454  std error:  0.002  mean_acc:  0.546
num_samples: 1000  C:  1.18609067882  kernel_width:  40.0  mean error:  0.454  std error:  0.002  mean_acc:  0.546
num_samples: 1000  C:  1.68621171696  kernel_width:  40.0  mean error:  0.454  std error:  0.002  mean_acc:  0.546
num_samples: 1000  C:  2.39721128004  kernel_width:  40.0  mean error:  0.454  std error:  0.002  mean_acc:  0.546
num_samples: 1000  C:  3.40800734768  kernel_width:  40.0  mean error:  0.454Using TensorFlow backend.
  std error:  0.002  mean_acc:  0.546
num_samples: 1000  C:  4.84501060818  kernel_width:  40.0  mean error:  0.454  std error:  0.002  mean_acc:  0.546
num_samples: 1000  C:  6.88793344573  kernel_width:  40.0  mean error:  0.454  std error:  0.002  mean_acc:  0.546
num_samples: 1000  C:  9.79226486577  kernel_width:  40.0  mean error:  0.454  std error:  0.002  mean_acc:  0.546
num_samples: 1000  C:  13.9212220845  kernel_width:  40.0  mean error:  0.454  std error:  0.002  mean_acc:  0.546
num_samples: 1000  C:  19.7911746653  kernel_width:  40.0  mean error:  0.454  std error:  0.002  mean_acc:  0.546
num_samples: 1000  C:  28.1362219676  kernel_width:  40.0  mean error:  0.454  std error:  0.002  mean_acc:  0.546
num_samples: 1000  C:  40.0  kernel_width:  40.0  mean error:  0.454  std error:  0.002  mean_acc:  0.546
desired_hp:  [ 1.18609068  6.88793345]
max acc:  0.849108010801
desired params:  [ 1.18609068  6.88793345]
num_samples:  1000  C:  1.18609067882  kernel_width:  6.88793344573  val_err:  0.1713  val_acc:  0.8287
Traceback (most recent call last):
  File "Q1.py", line 368, in <module>
    train_kfoldSVC(train_wt_cls, test_wt_cls, kfold)
  File "Q1.py", line 314, in train_kfoldSVC
    plot_prediction(model, test_data, test_labels, 'SVC')
  File "Q1.py", line 339, in plot_prediction
    plt.contourf(gridpoints[0], gridpoints[1], contour_values, levels=1)
  File "/usr/lib/python3/dist-packages/matplotlib/pyplot.py", line 2818, in contourf
    ret = ax.contourf(*args, **kwargs)
  File "/usr/lib/python3/dist-packages/matplotlib/__init__.py", line 1718, in inner
    return func(ax, *args, **kwargs)
  File "/usr/lib/python3/dist-packages/matplotlib/axes/_axes.py", line 5823, in contourf
    contours = mcontour.QuadContourSet(self, *args, **kwargs)
  File "/usr/lib/python3/dist-packages/matplotlib/contour.py", line 853, in __init__
    kwargs = self._process_args(*args, **kwargs)
  File "/usr/lib/python3/dist-packages/matplotlib/contour.py", line 1446, in _process_args
    x, y, z = self._contour_args(args, kwargs)
  File "/usr/lib/python3/dist-packages/matplotlib/contour.py", line 1539, in _contour_args
    self._contour_level_args(z, args)
  File "/usr/lib/python3/dist-packages/matplotlib/contour.py", line 1183, in _contour_level_args
    if self.filled and len(self.levels) < 2:
TypeError: len() of unsized object
