Number of darts thrown: 1600000
--------------------------------------------------------------------------
WARNING: Open MPI accepted a TCP connection from what appears to be a
another Open MPI process but cannot find a corresponding process
entry for that peer.

This attempted connection will be ignored; your MPI job may or may not
continue properly.

  Local host: c0192
  PID:        6258
--------------------------------------------------------------------------
slurmstepd: error: *** JOB 22003344 ON c0158 CANCELLED AT 2021-11-15T13:27:26 DUE TO TIME LIMIT ***
--------------------------------------------------------------------------
ORTE has lost communication with a remote daemon.

  HNP daemon   : [[42665,0],0] on node c0158
  Remote daemon: [[42665,0],14] on node c0203

This is usually due to either a failure of the TCP network
connection to the node, or possibly an internal failure of
the daemon itself. We cannot recover from this failure, and
therefore will terminate the job.
--------------------------------------------------------------------------
