2021-11-06 12:31:15.575173: W tensorflow/stream_executor/platform/default/dso_loader.cc:64] Could not load dynamic library 'libcudart.so.11.0'; dlerror: libcudart.so.11.0: cannot open shared object file: No such file or directory; LD_LIBRARY_PATH: :/usr/local/lib
2021-11-06 12:31:15.575215: I tensorflow/stream_executor/cuda/cudart_stub.cc:29] Ignore above cudart dlerror if you do not have a GPU set up on your machine.
class_samples:  [26, 22, 28, 24]  sum  100
Q1.py:41: DeprecationWarning: `np.float` is a deprecated alias for the builtin `float`. To silence this warning, use `float` by itself. Doing this will not modify any behavior and is safe. If you specifically wanted the numpy scalar type, use `np.float64` here.
Deprecated in NumPy 1.20; for more details and guidance: https://numpy.org/devdocs/release/1.20.0-notes.html#deprecations
  pxgls = np.array([], dtype=np.float).reshape(3,0)
***** plot *****
class_samples:  [50, 52, 51, 47]  sum  200
***** plot *****
class_samples:  [120, 121, 122, 137]  sum  500
***** plot *****
class_samples:  [256, 277, 247, 220]  sum  1000
***** plot *****
class_samples:  [499, 479, 515, 507]  sum  2000
***** plot *****
class_samples:  [1199, 1318, 1267, 1216]  sum  5000
***** plot *****
class_samples:  [25169, 24973, 24827, 25031]  sum  100000
***** plot *****
labels  [2. 3. 2. 2. 1. 2. 3. 0. 1. 3. 1. 2. 0. 0. 2. 2. 2. 2. 3. 2. 1. 0. 3. 1.
 1. 3. 1. 2. 0. 2. 2. 2. 1. 3. 0. 1. 3. 1. 0. 3. 2. 0. 3. 2. 1. 2. 0. 0.
 3. 2. 0. 0. 0. 1. 1. 1. 2. 1. 0. 0. 3. 2. 1. 3. 3. 3. 3. 3. 0. 2. 1. 0.
 0. 2. 2. 2. 3. 3. 2. 0. 3. 0. 0. 1. 3. 0. 1. 2. 0. 2. 3. 1. 0. 1. 0. 3.
 3. 1. 2. 0.]
2021-11-06 12:34:26.379915: W tensorflow/stream_executor/platform/default/dso_loader.cc:64] Could not load dynamic library 'libcuda.so.1'; dlerror: libcuda.so.1: cannot open shared object file: No such file or directory; LD_LIBRARY_PATH: :/usr/local/lib
2021-11-06 12:34:26.379963: W tensorflow/stream_executor/cuda/cuda_driver.cc:269] failed call to cuInit: UNKNOWN ERROR (303)
2021-11-06 12:34:26.379996: I tensorflow/stream_executor/cuda/cuda_diagnostics.cc:156] kernel driver does not appear to be running on this host (ubuntu-Inspiron-N5050): /proc/driver/nvidia/version does not exist
num_samples: 100  num_perc:  1  val idx:  0  error:  0.5
num_samples: 100  num_perc:  1  val idx:  1  error:  0.5
num_samples: 100  num_perc:  1  val idx:  2  error:  0.7
num_samples: 100  num_perc:  1  val idx:  3  error:  0.5
WARNING:tensorflow:5 out of the last 5 calls to <function Model.make_predict_function.<locals>.predict_function at 0x7f33b027a700> triggered tf.function retracing. Tracing is expensive and the excessive number of tracings could be due to (1) creating @tf.function repeatedly in a loop, (2) passing tensors with different shapes, (3) passing Python objects instead of tensors. For (1), please define your @tf.function outside of the loop. For (2), @tf.function has experimental_relax_shapes=True option that relaxes argument shapes that can avoid unnecessary retracing. For (3), please refer to https://www.tensorflow.org/guide/function#controlling_retracing and https://www.tensorflow.org/api_docs/python/tf/function for  more details.
num_samples: 100  num_perc:  1  val idx:  4  error:  0.5
WARNING:tensorflow:6 out of the last 6 calls to <function Model.make_predict_function.<locals>.predict_function at 0x7f33b0128280> triggered tf.function retracing. Tracing is expensive and the excessive number of tracings could be due to (1) creating @tf.function repeatedly in a loop, (2) passing tensors with different shapes, (3) passing Python objects instead of tensors. For (1), please define your @tf.function outside of the loop. For (2), @tf.function has experimental_relax_shapes=True option that relaxes argument shapes that can avoid unnecessary retracing. For (3), please refer to https://www.tensorflow.org/guide/function#controlling_retracing and https://www.tensorflow.org/api_docs/python/tf/function for  more details.
num_samples: 100  num_perc:  1  val idx:  5  error:  0.7
num_samples: 100  num_perc:  1  val idx:  6  error:  0.8
num_samples: 100  num_perc:  1  val idx:  7  error:  0.4
num_samples: 100  num_perc:  1  val idx:  8  error:  0.7
num_samples: 100  num_perc:  1  val idx:  9  error:  0.9
num_samples: 100  num_perc:  1  mean error:  0.6200000000000001
num_samples: 100  num_perc:  6  val idx:  0  error:  0.09999999999999998
num_samples: 100  num_perc:  6  val idx:  1  error:  0.19999999999999996
num_samples: 100  num_perc:  6  val idx:  2  error:  0.6
num_samples: 100  num_perc:  6  val idx:  3  error:  0.5
num_samples: 100  num_perc:  6  val idx:  4  error:  0.30000000000000004
num_samples: 100  num_perc:  6  val idx:  5  error:  0.5
num_samples: 100  num_perc:  6  val idx:  6  error:  0.09999999999999998
num_samples: 100  num_perc:  6  val idx:  7  error:  0.09999999999999998
num_samples: 100  num_perc:  6  val idx:  8  error:  0.6
num_samples: 100  num_perc:  6  val idx:  9  error:  0.30000000000000004
num_samples: 100  num_perc:  6  mean error:  0.32999999999999996
num_samples: 100  num_perc:  11  val idx:  0  error:  0.09999999999999998
num_samples: 100  num_perc:  11  val idx:  1  error:  0.30000000000000004
num_samples: 100  num_perc:  11  val idx:  2  error:  0.5
num_samples: 100  num_perc:  11  val idx:  3  error:  0.4
num_samples: 100  num_perc:  11  val idx:  4  error:  0.19999999999999996
num_samples: 100  num_perc:  11  val idx:  5  error:  0.7
num_samples: 100  num_perc:  11  val idx:  6  error:  0.09999999999999998
num_samples: 100  num_perc:  11  val idx:  7  error:  0.09999999999999998
num_samples: 100  num_perc:  11  val idx:  8  error:  0.30000000000000004
num_samples: 100  num_perc:  11  val idx:  9  error:  0.09999999999999998
num_samples: 100  num_perc:  11  mean error:  0.28
num_samples: 100  num_perc:  16  val idx:  0  error:  0.09999999999999998
num_samples: 100  num_perc:  16  val idx:  1  error:  0.19999999999999996
num_samples: 100  num_perc:  16  val idx:  2  error:  0.30000000000000004
num_samples: 100  num_perc:  16  val idx:  3  error:  0.30000000000000004
num_samples: 100  num_perc:  16  val idx:  4  error:  0.19999999999999996
num_samples: 100  num_perc:  16  val idx:  5  error:  0.5
num_samples: 100  num_perc:  16  val idx:  6  error:  0.09999999999999998
num_samples: 100  num_perc:  16  val idx:  7  error:  0.19999999999999996
num_samples: 100  num_perc:  16  val idx:  8  error:  0.19999999999999996
num_samples: 100  num_perc:  16  val idx:  9  error:  0.09999999999999998
num_samples: 100  num_perc:  16  mean error:  0.21999999999999997
num_samples: 100  num_perc:  21  val idx:  0  error:  0.09999999999999998
num_samples: 100  num_perc:  21  val idx:  1  error:  0.19999999999999996
num_samples: 100  num_perc:  21  val idx:  2  error:  0.30000000000000004
num_samples: 100  num_perc:  21  val idx:  3  error:  0.30000000000000004
num_samples: 100  num_perc:  21  val idx:  4  error:  0.19999999999999996
num_samples: 100  num_perc:  21  val idx:  5  error:  0.30000000000000004
num_samples: 100  num_perc:  21  val idx:  6  error:  0.09999999999999998
num_samples: 100  num_perc:  21  val idx:  7  error:  0.09999999999999998
num_samples: 100  num_perc:  21  val idx:  8  error:  0.30000000000000004
num_samples: 100  num_perc:  21  val idx:  9  error:  0.0
num_samples: 100  num_perc:  21  mean error:  0.19
num_samples: 100  num_perc:  26  val idx:  0  error:  0.09999999999999998
num_samples: 100  num_perc:  26  val idx:  1  error:  0.19999999999999996
num_samples: 100  num_perc:  26  val idx:  2  error:  0.30000000000000004
num_samples: 100  num_perc:  26  val idx:  3  error:  0.30000000000000004
num_samples: 100  num_perc:  26  val idx:  4  error:  0.30000000000000004
num_samples: 100  num_perc:  26  val idx:  5  error:  0.19999999999999996
num_samples: 100  num_perc:  26  val idx:  6  error:  0.09999999999999998
num_samples: 100  num_perc:  26  val idx:  7  error:  0.09999999999999998
num_samples: 100  num_perc:  26  val idx:  8  error:  0.4
num_samples: 100  num_perc:  26  val idx:  9  error:  0.09999999999999998
num_samples: 100  num_perc:  26  mean error:  0.21000000000000002
[0.62 0.33 0.28 0.22 0.19 0.21]
labels  [2. 0. 3. 1. 3. 2. 1. 1. 3. 1. 2. 2. 0. 1. 1. 0. 2. 0. 1. 1. 3. 3. 2. 2.
 1. 0. 0. 3. 1. 2. 1. 3. 3. 0. 2. 2. 0. 1. 0. 3. 2. 3. 1. 1. 0. 0. 2. 0.
 1. 0. 2. 0. 2. 1. 2. 3. 0. 0. 3. 2. 0. 2. 0. 1. 0. 3. 1. 0. 1. 2. 2. 1.
 3. 0. 1. 3. 3. 1. 3. 1. 3. 0. 2. 0. 1. 3. 0. 2. 2. 0. 0. 1. 0. 2. 0. 2.
 3. 0. 2. 2. 2. 0. 1. 3. 0. 2. 3. 1. 2. 0. 1. 2. 0. 1. 2. 3. 3. 3. 0. 3.
 1. 3. 0. 2. 1. 2. 2. 0. 3. 3. 3. 2. 1. 2. 3. 2. 1. 1. 2. 1. 3. 3. 0. 2.
 1. 0. 1. 2. 2. 3. 2. 1. 0. 3. 0. 0. 2. 1. 0. 1. 3. 1. 0. 0. 3. 1. 3. 3.
 1. 0. 3. 2. 3. 0. 0. 1. 2. 1. 1. 1. 1. 2. 3. 3. 0. 2. 2. 2. 2. 0. 1. 3.
 3. 3. 1. 1. 2. 0. 3. 1.]
num_samples: 200  num_perc:  1  val idx:  0  error:  0.35
num_samples: 200  num_perc:  1  val idx:  1  error:  0.5
num_samples: 200  num_perc:  1  val idx:  2  error:  0.44999999999999996
num_samples: 200  num_perc:  1  val idx:  3  error:  0.5
num_samples: 200  num_perc:  1  val idx:  4  error:  0.55
num_samples: 200  num_perc:  1  val idx:  5  error:  0.75
num_samples: 200  num_perc:  1  val idx:  6  error:  0.55
num_samples: 200  num_perc:  1  val idx:  7  error:  0.8
num_samples: 200  num_perc:  1  val idx:  8  error:  0.65
num_samples: 200  num_perc:  1  val idx:  9  error:  0.65
num_samples: 200  num_perc:  1  mean error:  0.5750000000000001
num_samples: 200  num_perc:  6  val idx:  0  error:  0.4
num_samples: 200  num_perc:  6  val idx:  1  error:  0.19999999999999996
num_samples: 200  num_perc:  6  val idx:  2  error:  0.25
num_samples: 200  num_perc:  6  val idx:  3  error:  0.19999999999999996
num_samples: 200  num_perc:  6  val idx:  4  error:  0.25
num_samples: 200  num_perc:  6  val idx:  5  error:  0.25
num_samples: 200  num_perc:  6  val idx:  6  error:  0.19999999999999996
num_samples: 200  num_perc:  6  val idx:  7  error:  0.25
num_samples: 200  num_perc:  6  val idx:  8  error:  0.09999999999999998
num_samples: 200  num_perc:  6  val idx:  9  error:  0.25
num_samples: 200  num_perc:  6  mean error:  0.23499999999999996
num_samples: 200  num_perc:  11  val idx:  0  error:  0.09999999999999998
num_samples: 200  num_perc:  11  val idx:  1  error:  0.09999999999999998
num_samples: 200  num_perc:  11  val idx:  2  error:  0.25
num_samples: 200  num_perc:  11  val idx:  3  error:  0.19999999999999996
num_samples: 200  num_perc:  11  val idx:  4  error:  0.4
num_samples: 200  num_perc:  11  val idx:  5  error:  0.19999999999999996
num_samples: 200  num_perc:  11  val idx:  6  error:  0.09999999999999998
num_samples: 200  num_perc:  11  val idx:  7  error:  0.050000000000000044
num_samples: 200  num_perc:  11  val idx:  8  error:  0.19999999999999996
num_samples: 200  num_perc:  11  val idx:  9  error:  0.30000000000000004
num_samples: 200  num_perc:  11  mean error:  0.19
num_samples: 200  num_perc:  16  val idx:  0  error:  0.09999999999999998
num_samples: 200  num_perc:  16  val idx:  1  error:  0.09999999999999998
num_samples: 200  num_perc:  16  val idx:  2  error:  0.09999999999999998
num_samples: 200  num_perc:  16  val idx:  3  error:  0.15000000000000002
num_samples: 200  num_perc:  16  val idx:  4  error:  0.19999999999999996
num_samples: 200  num_perc:  16  val idx:  5  error:  0.25
num_samples: 200  num_perc:  16  val idx:  6  error:  0.09999999999999998
num_samples: 200  num_perc:  16  val idx:  7  error:  0.050000000000000044
num_samples: 200  num_perc:  16  val idx:  8  error:  0.25
num_samples: 200  num_perc:  16  val idx:  9  error:  0.09999999999999998
num_samples: 200  num_perc:  16  mean error:  0.13999999999999999
num_samples: 200  num_perc:  21  val idx:  0  error:  0.09999999999999998
num_samples: 200  num_perc:  21  val idx:  1  error:  0.09999999999999998
num_samples: 200  num_perc:  21  val idx:  2  error:  0.15000000000000002
num_samples: 200  num_perc:  21  val idx:  3  error:  0.15000000000000002
num_samples: 200  num_perc:  21  val idx:  4  error:  0.19999999999999996
num_samples: 200  num_perc:  21  val idx:  5  error:  0.19999999999999996
num_samples: 200  num_perc:  21  val idx:  6  error:  0.15000000000000002
num_samples: 200  num_perc:  21  val idx:  7  error:  0.050000000000000044
num_samples: 200  num_perc:  21  val idx:  8  error:  0.15000000000000002
num_samples: 200  num_perc:  21  val idx:  9  error:  0.19999999999999996
num_samples: 200  num_perc:  21  mean error:  0.145
num_samples: 200  num_perc:  26  val idx:  0  error:  0.09999999999999998
num_samples: 200  num_perc:  26  val idx:  1  error:  0.09999999999999998
num_samples: 200  num_perc:  26  val idx:  2  error:  0.09999999999999998
num_samples: 200  num_perc:  26  val idx:  3  error:  0.15000000000000002
num_samples: 200  num_perc:  26  val idx:  4  error:  0.15000000000000002
num_samples: 200  num_perc:  26  val idx:  5  error:  0.25
num_samples: 200  num_perc:  26  val idx:  6  error:  0.15000000000000002
num_samples: 200  num_perc:  26  val idx:  7  error:  0.09999999999999998
num_samples: 200  num_perc:  26  val idx:  8  error:  0.15000000000000002
num_samples: 200  num_perc:  26  val idx:  9  error:  0.19999999999999996
num_samples: 200  num_perc:  26  mean error:  0.145
[0.575 0.235 0.19  0.14  0.145 0.145]
labels  [3. 3. 1. 0. 1. 3. 0. 3. 3. 1. 1. 2. 2. 0. 2. 0. 2. 1. 3. 0. 3. 2. 0. 1.
 3. 2. 3. 0. 2. 2. 0. 2. 2. 2. 2. 3. 1. 3. 2. 3. 2. 3. 2. 0. 0. 0. 2. 1.
 1. 0. 1. 3. 1. 3. 1. 0. 2. 3. 1. 2. 0. 3. 2. 1. 3. 2. 2. 1. 3. 3. 0. 0.
 3. 3. 2. 3. 0. 1. 0. 2. 3. 0. 2. 1. 2. 1. 1. 3. 0. 1. 1. 2. 1. 0. 3. 3.
 1. 3. 0. 1. 0. 3. 3. 1. 3. 3. 0. 1. 3. 3. 3. 1. 2. 1. 2. 0. 0. 2. 3. 3.
 1. 2. 0. 0. 0. 2. 3. 0. 2. 1. 2. 3. 0. 0. 3. 1. 2. 1. 1. 3. 3. 3. 3. 1.
 0. 3. 2. 3. 3. 2. 3. 1. 0. 0. 1. 2. 3. 3. 0. 3. 3. 0. 1. 1. 1. 2. 2. 1.
 0. 1. 2. 2. 0. 1. 3. 2. 3. 1. 3. 0. 2. 0. 3. 2. 3. 2. 0. 0. 2. 3. 1. 1.
 1. 3. 2. 2. 1. 0. 0. 1. 0. 1. 3. 2. 1. 2. 1. 2. 3. 1. 2. 1. 3. 0. 0. 2.
 0. 3. 1. 1. 0. 1. 1. 2. 2. 0. 2. 3. 1. 3. 1. 1. 0. 0. 1. 3. 0. 0. 0. 3.
 2. 0. 1. 2. 1. 1. 1. 0. 2. 1. 1. 2. 2. 1. 2. 0. 0. 3. 2. 3. 2. 3. 2. 3.
 0. 3. 1. 1. 2. 1. 1. 1. 3. 2. 3. 3. 1. 0. 1. 0. 0. 1. 0. 1. 0. 0. 2. 2.
 3. 0. 0. 2. 1. 0. 1. 3. 1. 3. 0. 3. 2. 1. 3. 3. 2. 2. 0. 0. 3. 1. 1. 2.
 3. 3. 3. 3. 2. 1. 0. 2. 3. 1. 2. 1. 2. 1. 2. 3. 1. 3. 1. 0. 2. 0. 2. 3.
 1. 3. 1. 3. 0. 0. 3. 2. 2. 1. 2. 0. 0. 3. 1. 1. 2. 0. 3. 2. 3. 0. 3. 1.
 2. 0. 0. 0. 1. 1. 0. 3. 0. 2. 3. 2. 2. 3. 0. 0. 1. 1. 3. 0. 3. 0. 3. 3.
 2. 2. 1. 0. 0. 2. 0. 1. 0. 1. 2. 0. 2. 2. 3. 3. 2. 3. 3. 0. 0. 3. 0. 2.
 3. 0. 3. 2. 2. 0. 3. 2. 0. 3. 0. 1. 3. 2. 0. 0. 0. 0. 1. 1. 1. 3. 3. 2.
 2. 1. 3. 1. 2. 3. 3. 0. 2. 3. 2. 3. 0. 0. 2. 1. 1. 3. 3. 1. 2. 2. 0. 0.
 2. 1. 2. 1. 3. 0. 3. 3. 3. 2. 3. 0. 1. 2. 2. 3. 1. 1. 0. 2. 1. 2. 2. 3.
 0. 2. 0. 0. 3. 1. 1. 3. 0. 3. 3. 2. 2. 2. 0. 1. 1. 3. 3. 3.]
num_samples: 500  num_perc:  1  val idx:  0  error:  0.56
num_samples: 500  num_perc:  1  val idx:  1  error:  0.52
num_samples: 500  num_perc:  1  val idx:  2  error:  0.42000000000000004
num_samples: 500  num_perc:  1  val idx:  3  error:  0.4
num_samples: 500  num_perc:  1  val idx:  4  error:  0.38
num_samples: 500  num_perc:  1  val idx:  5  error:  0.76
num_samples: 500  num_perc:  1  val idx:  6  error:  0.43999999999999995
num_samples: 500  num_perc:  1  val idx:  7  error:  0.62
num_samples: 500  num_perc:  1  val idx:  8  error:  0.45999999999999996
num_samples: 500  num_perc:  1  val idx:  9  error:  0.5
num_samples: 500  num_perc:  1  mean error:  0.506
num_samples: 500  num_perc:  6  val idx:  0  error:  0.36
num_samples: 500  num_perc:  6  val idx:  1  error:  0.24
num_samples: 500  num_perc:  6  val idx:  2  error:  0.14
num_samples: 500  num_perc:  6  val idx:  3  error:  0.48
num_samples: 500  num_perc:  6  val idx:  4  error:  0.33999999999999997
num_samples: 500  num_perc:  6  val idx:  5  error:  0.42000000000000004
num_samples: 500  num_perc:  6  val idx:  6  error:  0.31999999999999995
num_samples: 500  num_perc:  6  val idx:  7  error:  0.18000000000000005
num_samples: 500  num_perc:  6  val idx:  8  error:  0.38
num_samples: 500  num_perc:  6  val idx:  9  error:  0.48
num_samples: 500  num_perc:  6  mean error:  0.33399999999999996
num_samples: 500  num_perc:  11  val idx:  0  error:  0.21999999999999997
num_samples: 500  num_perc:  11  val idx:  1  error:  0.33999999999999997
num_samples: 500  num_perc:  11  val idx:  2  error:  0.21999999999999997
num_samples: 500  num_perc:  11  val idx:  3  error:  0.24
num_samples: 500  num_perc:  11  val idx:  4  error:  0.26
num_samples: 500  num_perc:  11  val idx:  5  error:  0.21999999999999997
num_samples: 500  num_perc:  11  val idx:  6  error:  0.16000000000000003
num_samples: 500  num_perc:  11  val idx:  7  error:  0.21999999999999997
num_samples: 500  num_perc:  11  val idx:  8  error:  0.21999999999999997
num_samples: 500  num_perc:  11  val idx:  9  error:  0.26
num_samples: 500  num_perc:  11  mean error:  0.23599999999999993
num_samples: 500  num_perc:  16  val idx:  0  error:  0.18000000000000005
num_samples: 500  num_perc:  16  val idx:  1  error:  0.18000000000000005
num_samples: 500  num_perc:  16  val idx:  2  error:  0.12
num_samples: 500  num_perc:  16  val idx:  3  error:  0.26
num_samples: 500  num_perc:  16  val idx:  4  error:  0.26
num_samples: 500  num_perc:  16  val idx:  5  error:  0.18000000000000005
num_samples: 500  num_perc:  16  val idx:  6  error:  0.14
num_samples: 500  num_perc:  16  val idx:  7  error:  0.07999999999999996
num_samples: 500  num_perc:  16  val idx:  8  error:  0.24
num_samples: 500  num_perc:  16  val idx:  9  error:  0.18000000000000005
num_samples: 500  num_perc:  16  mean error:  0.18200000000000002
num_samples: 500  num_perc:  21  val idx:  0  error:  0.19999999999999996
num_samples: 500  num_perc:  21  val idx:  1  error:  0.18000000000000005
num_samples: 500  num_perc:  21  val idx:  2  error:  0.12
num_samples: 500  num_perc:  21  val idx:  3  error:  0.14
num_samples: 500  num_perc:  21  val idx:  4  error:  0.24
num_samples: 500  num_perc:  21  val idx:  5  error:  0.18000000000000005
num_samples: 500  num_perc:  21  val idx:  6  error:  0.14
num_samples: 500  num_perc:  21  val idx:  7  error:  0.19999999999999996
num_samples: 500  num_perc:  21  val idx:  8  error:  0.26
num_samples: 500  num_perc:  21  val idx:  9  error:  0.18000000000000005
num_samples: 500  num_perc:  21  mean error:  0.184
num_samples: 500  num_perc:  26  val idx:  0  error:  0.18000000000000005
num_samples: 500  num_perc:  26  val idx:  1  error:  0.14
num_samples: 500  num_perc:  26  val idx:  2  error:  0.12
num_samples: 500  num_perc:  26  val idx:  3  error:  0.18000000000000005
num_samples: 500  num_perc:  26  val idx:  4  error:  0.24
num_samples: 500  num_perc:  26  val idx:  5  error:  0.18000000000000005
num_samples: 500  num_perc:  26  val idx:  6  error:  0.12
num_samples: 500  num_perc:  26  val idx:  7  error:  0.09999999999999998
num_samples: 500  num_perc:  26  val idx:  8  error:  0.21999999999999997
num_samples: 500  num_perc:  26  val idx:  9  error:  0.18000000000000005
num_samples: 500  num_perc:  26  mean error:  0.166
[0.506 0.334 0.236 0.182 0.184 0.166]
labels  [1. 3. 0. 0. 3. 1. 2. 1. 3. 3. 0. 2. 0. 1. 1. 0. 3. 2. 3. 0. 2. 2. 2. 3.
 1. 3. 1. 3. 2. 3. 2. 1. 0. 0. 3. 0. 3. 0. 3. 2. 3. 2. 1. 0. 3. 2. 1. 1.
 0. 3. 0. 0. 1. 1. 0. 3. 1. 2. 1. 2. 3. 2. 0. 3. 1. 0. 0. 3. 1. 2. 3. 2.
 0. 2. 2. 3. 1. 1. 1. 2. 0. 2. 1. 3. 0. 1. 1. 2. 0. 2. 2. 2. 2. 0. 1. 3.
 1. 3. 3. 2. 2. 0. 1. 2. 3. 1. 1. 3. 0. 3. 3. 1. 2. 2. 3. 0. 2. 2. 0. 2.
 2. 1. 3. 2. 0. 2. 3. 0. 2. 0. 1. 0. 3. 0. 3. 2. 1. 1. 0. 2. 2. 0. 0. 0.
 3. 2. 0. 3. 0. 2. 0. 3. 1. 1. 0. 1. 0. 2. 1. 0. 1. 0. 2. 0. 3. 2. 1. 0.
 3. 2. 0. 3. 3. 0. 1. 0. 3. 2. 3. 3. 0. 0. 3. 2. 3. 0. 2. 0. 0. 2. 3. 3.
 2. 2. 2. 1. 0. 3. 1. 1. 0. 3. 3. 0. 0. 2. 1. 0. 3. 3. 3. 1. 1. 1. 3. 0.
 0. 2. 1. 2. 0. 0. 2. 2. 1. 3. 0. 3. 1. 2. 3. 3. 2. 0. 3. 0. 3. 1. 2. 3.
 0. 0. 3. 1. 0. 3. 1. 0. 2. 3. 0. 2. 2. 2. 0. 2. 1. 2. 0. 0. 2. 0. 0. 0.
 2. 0. 0. 0. 1. 0. 1. 3. 1. 0. 0. 1. 2. 3. 2. 2. 2. 1. 1. 0. 2. 0. 1. 2.
 2. 1. 0. 1. 1. 0. 2. 2. 2. 2. 0. 1. 1. 0. 3. 2. 1. 3. 1. 0. 0. 0. 3. 1.
 3. 2. 0. 0. 1. 3. 2. 0. 1. 1. 2. 0. 1. 2. 2. 3. 0. 2. 1. 0. 2. 1. 0. 1.
 2. 2. 2. 3. 3. 2. 2. 0. 2. 0. 2. 3. 1. 3. 1. 3. 1. 1. 2. 0. 1. 2. 3. 1.
 0. 1. 1. 0. 1. 1. 3. 2. 2. 0. 3. 0. 2. 2. 0. 3. 3. 1. 0. 2. 2. 3. 0. 3.
 3. 2. 2. 1. 0. 0. 3. 0. 3. 1. 2. 0. 3. 0. 0. 2. 1. 2. 1. 1. 2. 2. 2. 1.
 0. 0. 1. 3. 2. 2. 1. 2. 0. 1. 2. 0. 3. 3. 1. 3. 1. 0. 1. 3. 1. 3. 2. 2.
 1. 3. 3. 0. 0. 2. 3. 0. 0. 1. 0. 3. 1. 3. 1. 3. 3. 1. 2. 0. 2. 2. 0. 1.
 1. 2. 1. 0. 0. 2. 0. 3. 1. 1. 1. 3. 0. 3. 0. 0. 0. 1. 1. 2. 0. 0. 3. 2.
 2. 0. 3. 3. 3. 2. 0. 2. 3. 2. 0. 3. 1. 3. 3. 1. 1. 0. 2. 0. 0. 1. 3. 3.
 1. 0. 0. 0. 3. 1. 0. 1. 0. 1. 1. 2. 1. 2. 3. 2. 0. 3. 3. 1. 2. 3. 1. 1.
 1. 1. 2. 1. 2. 0. 0. 1. 0. 3. 3. 0. 3. 1. 1. 0. 0. 1. 3. 0. 0. 3. 3. 1.
 1. 2. 0. 3. 3. 1. 2. 3. 1. 0. 2. 3. 2. 0. 2. 2. 2. 0. 0. 1. 0. 3. 0. 0.
 3. 1. 3. 1. 2. 1. 1. 1. 1. 1. 3. 1. 1. 3. 1. 1. 1. 0. 0. 0. 3. 0. 3. 3.
 1. 2. 1. 3. 1. 3. 3. 2. 0. 0. 2. 1. 0. 0. 1. 1. 3. 1. 0. 3. 2. 2. 3. 0.
 3. 3. 1. 2. 0. 3. 2. 2. 2. 1. 3. 2. 1. 2. 1. 1. 3. 3. 0. 2. 2. 3. 0. 0.
 1. 1. 1. 1. 2. 3. 2. 1. 3. 0. 2. 3. 1. 2. 3. 1. 1. 1. 1. 1. 0. 3. 1. 3.
 1. 3. 1. 1. 2. 2. 2. 2. 2. 0. 3. 1. 0. 3. 0. 1. 3. 1. 2. 1. 2. 1. 3. 2.
 0. 3. 0. 3. 2. 3. 0. 2. 3. 2. 0. 3. 1. 0. 1. 3. 3. 2. 3. 2. 1. 1. 1. 1.
 0. 2. 0. 0. 0. 1. 0. 3. 0. 1. 0. 3. 3. 0. 1. 1. 3. 1. 0. 3. 2. 0. 1. 3.
 2. 0. 0. 1. 3. 2. 2. 2. 1. 1. 1. 0. 1. 0. 1. 1. 2. 2. 3. 1. 1. 1. 0. 1.
 0. 0. 2. 2. 1. 3. 2. 1. 1. 2. 1. 1. 3. 0. 3. 0. 0. 0. 2. 1. 2. 3. 2. 1.
 1. 0. 2. 3. 3. 0. 2. 2. 3. 1. 2. 0. 1. 3. 3. 0. 1. 2. 2. 1. 3. 2. 0. 0.
 0. 2. 1. 1. 1. 2. 3. 2. 2. 0. 0. 2. 2. 2. 2. 0. 2. 0. 2. 0. 0. 1. 2. 3.
 2. 2. 1. 2. 0. 3. 2. 1. 0. 2. 0. 1. 1. 0. 0. 1. 3. 1. 2. 1. 1. 0. 1. 1.
 1. 3. 1. 2. 2. 0. 3. 0. 0. 1. 2. 2. 2. 2. 1. 0. 1. 3. 0. 3. 2. 3. 2. 3.
 3. 0. 3. 1. 1. 0. 1. 1. 2. 1. 2. 2. 0. 1. 0. 2. 1. 0. 3. 2. 1. 3. 1. 1.
 1. 1. 0. 3. 1. 1. 3. 2. 3. 2. 2. 1. 2. 2. 2. 3. 2. 1. 2. 0. 3. 1. 0. 1.
 1. 0. 3. 1. 2. 2. 2. 3. 1. 3. 0. 3. 1. 3. 3. 0. 0. 2. 1. 2. 1. 2. 3. 3.
 1. 1. 2. 1. 0. 1. 0. 1. 2. 3. 2. 0. 3. 0. 1. 0. 0. 2. 0. 1. 3. 0. 1. 1.
 1. 3. 0. 1. 1. 1. 1. 2. 2. 1. 1. 0. 1. 0. 0. 2.]
num_samples: 1000  num_perc:  1  val idx:  0  error:  0.63
num_samples: 1000  num_perc:  1  val idx:  1  error:  0.75
num_samples: 1000  num_perc:  1  val idx:  2  error:  0.5700000000000001
num_samples: 1000  num_perc:  1  val idx:  3  error:  0.69
num_samples: 1000  num_perc:  1  val idx:  4  error:  0.47
num_samples: 1000  num_perc:  1  val idx:  5  error:  0.38
num_samples: 1000  num_perc:  1  val idx:  6  error:  0.51
num_samples: 1000  num_perc:  1  val idx:  7  error:  0.5900000000000001
num_samples: 1000  num_perc:  1  val idx:  8  error:  0.72
num_samples: 1000  num_perc:  1  val idx:  9  error:  0.62
num_samples: 1000  num_perc:  1  mean error:  0.593
num_samples: 1000  num_perc:  6  val idx:  0  error:  0.36
num_samples: 1000  num_perc:  6  val idx:  1  error:  0.30000000000000004
num_samples: 1000  num_perc:  6  val idx:  2  error:  0.27
num_samples: 1000  num_perc:  6  val idx:  3  error:  0.32999999999999996
num_samples: 1000  num_perc:  6  val idx:  4  error:  0.27
num_samples: 1000  num_perc:  6  val idx:  5  error:  0.22999999999999998
num_samples: 1000  num_perc:  6  val idx:  6  error:  0.24
num_samples: 1000  num_perc:  6  val idx:  7  error:  0.30000000000000004
num_samples: 1000  num_perc:  6  val idx:  8  error:  0.32999999999999996
num_samples: 1000  num_perc:  6  val idx:  9  error:  0.25
num_samples: 1000  num_perc:  6  mean error:  0.288
num_samples: 1000  num_perc:  11  val idx:  0  error:  0.14
num_samples: 1000  num_perc:  11  val idx:  1  error:  0.29000000000000004
num_samples: 1000  num_perc:  11  val idx:  2  error:  0.36
num_samples: 1000  num_perc:  11  val idx:  3  error:  0.36
num_samples: 1000  num_perc:  11  val idx:  4  error:  0.39
num_samples: 1000  num_perc:  11  val idx:  5  error:  0.42000000000000004
num_samples: 1000  num_perc:  11  val idx:  6  error:  0.16000000000000003
num_samples: 1000  num_perc:  11  val idx:  7  error:  0.30000000000000004
num_samples: 1000  num_perc:  11  val idx:  8  error:  0.29000000000000004
num_samples: 1000  num_perc:  11  val idx:  9  error:  0.25
num_samples: 1000  num_perc:  11  mean error:  0.296
num_samples: 1000  num_perc:  16  val idx:  0  error:  0.17000000000000004
num_samples: 1000  num_perc:  16  val idx:  1  error:  0.18999999999999995
num_samples: 1000  num_perc:  16  val idx:  2  error:  0.26
num_samples: 1000  num_perc:  16  val idx:  3  error:  0.24
num_samples: 1000  num_perc:  16  val idx:  4  error:  0.19999999999999996
num_samples: 1000  num_perc:  16  val idx:  5  error:  0.42000000000000004
num_samples: 1000  num_perc:  16  val idx:  6  error:  0.24
num_samples: 1000  num_perc:  16  val idx:  7  error:  0.21999999999999997
num_samples: 1000  num_perc:  16  val idx:  8  error:  0.15000000000000002
num_samples: 1000  num_perc:  16  val idx:  9  error:  0.18000000000000005
num_samples: 1000  num_perc:  16  mean error:  0.227
num_samples: 1000  num_perc:  21  val idx:  0  error:  0.18999999999999995
num_samples: 1000  num_perc:  21  val idx:  1  error:  0.24
num_samples: 1000  num_perc:  21  val idx:  2  error:  0.22999999999999998
num_samples: 1000  num_perc:  21  val idx:  3  error:  0.27
num_samples: 1000  num_perc:  21  val idx:  4  error:  0.18999999999999995
num_samples: 1000  num_perc:  21  val idx:  5  error:  0.19999999999999996
num_samples: 1000  num_perc:  21  val idx:  6  error:  0.19999999999999996
num_samples: 1000  num_perc:  21  val idx:  7  error:  0.26
num_samples: 1000  num_perc:  21  val idx:  8  error:  0.14
num_samples: 1000  num_perc:  21  val idx:  9  error:  0.22999999999999998
num_samples: 1000  num_perc:  21  mean error:  0.215
num_samples: 1000  num_perc:  26  val idx:  0  error:  0.15000000000000002
num_samples: 1000  num_perc:  26  val idx:  1  error:  0.19999999999999996
num_samples: 1000  num_perc:  26  val idx:  2  error:  0.19999999999999996
num_samples: 1000  num_perc:  26  val idx:  3  error:  0.25
num_samples: 1000  num_perc:  26  val idx:  4  error:  0.19999999999999996
num_samples: 1000  num_perc:  26  val idx:  5  error:  0.18000000000000005
num_samples: 1000  num_perc:  26  val idx:  6  error:  0.21999999999999997
num_samples: 1000  num_perc:  26  val idx:  7  error:  0.20999999999999996
num_samples: 1000  num_perc:  26  val idx:  8  error:  0.13
num_samples: 1000  num_perc:  26  val idx:  9  error:  0.25
num_samples: 1000  num_perc:  26  mean error:  0.19899999999999998
[0.593 0.288 0.296 0.227 0.215 0.199]
labels  [3. 1. 3. ... 2. 3. 2.]
num_samples: 2000  num_perc:  1  val idx:  0  error:  0.49
num_samples: 2000  num_perc:  1  val idx:  1  error:  0.5900000000000001
num_samples: 2000  num_perc:  1  val idx:  2  error:  0.5449999999999999
num_samples: 2000  num_perc:  1  val idx:  3  error:  0.52
num_samples: 2000  num_perc:  1  val idx:  4  error:  0.56
num_samples: 2000  num_perc:  1  val idx:  5  error:  0.585
num_samples: 2000  num_perc:  1  val idx:  6  error:  0.485
num_samples: 2000  num_perc:  1  val idx:  7  error:  0.5449999999999999
num_samples: 2000  num_perc:  1  val idx:  8  error:  0.62
num_samples: 2000  num_perc:  1  val idx:  9  error:  0.585
num_samples: 2000  num_perc:  1  mean error:  0.5525
num_samples: 2000  num_perc:  6  val idx:  0  error:  0.30000000000000004
num_samples: 2000  num_perc:  6  val idx:  1  error:  0.44999999999999996
num_samples: 2000  num_perc:  6  val idx:  2  error:  0.33499999999999996
num_samples: 2000  num_perc:  6  val idx:  3  error:  0.275
num_samples: 2000  num_perc:  6  val idx:  4  error:  0.18000000000000005
num_samples: 2000  num_perc:  6  val idx:  5  error:  0.39
num_samples: 2000  num_perc:  6  val idx:  6  error:  0.25
num_samples: 2000  num_perc:  6  val idx:  7  error:  0.6599999999999999
num_samples: 2000  num_perc:  6  val idx:  8  error:  0.18000000000000005
num_samples: 2000  num_perc:  6  val idx:  9  error:  0.245
num_samples: 2000  num_perc:  6  mean error:  0.3265
num_samples: 2000  num_perc:  11  val idx:  0  error:  0.33499999999999996
num_samples: 2000  num_perc:  11  val idx:  1  error:  0.31999999999999995
num_samples: 2000  num_perc:  11  val idx:  2  error:  0.17000000000000004
num_samples: 2000  num_perc:  11  val idx:  3  error:  0.19499999999999995
num_samples: 2000  num_perc:  11  val idx:  4  error:  0.18000000000000005
num_samples: 2000  num_perc:  11  val idx:  5  error:  0.365
num_samples: 2000  num_perc:  11  val idx:  6  error:  0.22999999999999998
num_samples: 2000  num_perc:  11  val idx:  7  error:  0.29500000000000004
num_samples: 2000  num_perc:  11  val idx:  8  error:  0.125
num_samples: 2000  num_perc:  11  val idx:  9  error:  0.18500000000000005
num_samples: 2000  num_perc:  11  mean error:  0.24
num_samples: 2000  num_perc:  16  val idx:  0  error:  0.18500000000000005
num_samples: 2000  num_perc:  16  val idx:  1  error:  0.22499999999999998
num_samples: 2000  num_perc:  16  val idx:  2  error:  0.21499999999999997
num_samples: 2000  num_perc:  16  val idx:  3  error:  0.13
num_samples: 2000  num_perc:  16  val idx:  4  error:  0.17500000000000004
num_samples: 2000  num_perc:  16  val idx:  5  error:  0.275
num_samples: 2000  num_perc:  16  val idx:  6  error:  0.28500000000000003
num_samples: 2000  num_perc:  16  val idx:  7  error:  0.18500000000000005
num_samples: 2000  num_perc:  16  val idx:  8  error:  0.12
num_samples: 2000  num_perc:  16  val idx:  9  error:  0.17500000000000004
num_samples: 2000  num_perc:  16  mean error:  0.19700000000000004
num_samples: 2000  num_perc:  21  val idx:  0  error:  0.20499999999999996
num_samples: 2000  num_perc:  21  val idx:  1  error:  0.25
num_samples: 2000  num_perc:  21  val idx:  2  error:  0.18500000000000005
num_samples: 2000  num_perc:  21  val idx:  3  error:  0.11499999999999999
num_samples: 2000  num_perc:  21  val idx:  4  error:  0.19999999999999996
num_samples: 2000  num_perc:  21  val idx:  5  error:  0.265
num_samples: 2000  num_perc:  21  val idx:  6  error:  0.22499999999999998
num_samples: 2000  num_perc:  21  val idx:  7  error:  0.20499999999999996
num_samples: 2000  num_perc:  21  val idx:  8  error:  0.10999999999999999
num_samples: 2000  num_perc:  21  val idx:  9  error:  0.17500000000000004
num_samples: 2000  num_perc:  21  mean error:  0.19349999999999998
num_samples: 2000  num_perc:  26  val idx:  0  error:  0.24
num_samples: 2000  num_perc:  26  val idx:  1  error:  0.22499999999999998
num_samples: 2000  num_perc:  26  val idx:  2  error:  0.17500000000000004
num_samples: 2000  num_perc:  26  val idx:  3  error:  0.08999999999999997
num_samples: 2000  num_perc:  26  val idx:  4  error:  0.16500000000000004
num_samples: 2000  num_perc:  26  val idx:  5  error:  0.25
num_samples: 2000  num_perc:  26  val idx:  6  error:  0.22499999999999998
num_samples: 2000  num_perc:  26  val idx:  7  error:  0.16500000000000004
num_samples: 2000  num_perc:  26  val idx:  8  error:  0.125
num_samples: 2000  num_perc:  26  val idx:  9  error:  0.17500000000000004
num_samples: 2000  num_perc:  26  mean error:  0.18350000000000002
[0.5525 0.3265 0.24   0.197  0.1935 0.1835]
labels  [0. 0. 0. ... 2. 1. 2.]
num_samples: 5000  num_perc:  1  val idx:  0  error:  0.558
num_samples: 5000  num_perc:  1  val idx:  1  error:  0.47
num_samples: 5000  num_perc:  1  val idx:  2  error:  0.518
num_samples: 5000  num_perc:  1  val idx:  3  error:  0.5760000000000001
num_samples: 5000  num_perc:  1  val idx:  4  error:  0.516
num_samples: 5000  num_perc:  1  val idx:  5  error:  0.534
num_samples: 5000  num_perc:  1  val idx:  6  error:  0.614
num_samples: 5000  num_perc:  1  val idx:  7  error:  0.488
num_samples: 5000  num_perc:  1  val idx:  8  error:  0.494
num_samples: 5000  num_perc:  1  val idx:  9  error:  0.654
num_samples: 5000  num_perc:  1  mean error:  0.5422
num_samples: 5000  num_perc:  6  val idx:  0  error:  0.244
num_samples: 5000  num_perc:  6  val idx:  1  error:  0.254
num_samples: 5000  num_perc:  6  val idx:  2  error:  0.44399999999999995
num_samples: 5000  num_perc:  6  val idx:  3  error:  0.22199999999999998
num_samples: 5000  num_perc:  6  val idx:  4  error:  0.31000000000000005
num_samples: 5000  num_perc:  6  val idx:  5  error:  0.268
num_samples: 5000  num_perc:  6  val idx:  6  error:  0.29000000000000004
num_samples: 5000  num_perc:  6  val idx:  7  error:  0.278
num_samples: 5000  num_perc:  6  val idx:  8  error:  0.346
num_samples: 5000  num_perc:  6  val idx:  9  error:  0.41600000000000004
num_samples: 5000  num_perc:  6  mean error:  0.30720000000000003
num_samples: 5000  num_perc:  11  val idx:  0  error:  0.18200000000000005
num_samples: 5000  num_perc:  11  val idx:  1  error:  0.22799999999999998
num_samples: 5000  num_perc:  11  val idx:  2  error:  0.20999999999999996
num_samples: 5000  num_perc:  11  val idx:  3  error:  0.268
num_samples: 5000  num_perc:  11  val idx:  4  error:  0.276
num_samples: 5000  num_perc:  11  val idx:  5  error:  0.274
num_samples: 5000  num_perc:  11  val idx:  6  error:  0.22999999999999998
num_samples: 5000  num_perc:  11  val idx:  7  error:  0.266
num_samples: 5000  num_perc:  11  val idx:  8  error:  0.20399999999999996
num_samples: 5000  num_perc:  11  val idx:  9  error:  0.22399999999999998
num_samples: 5000  num_perc:  11  mean error:  0.23620000000000002
num_samples: 5000  num_perc:  16  val idx:  0  error:  0.16200000000000003
num_samples: 5000  num_perc:  16  val idx:  1  error:  0.15600000000000003
num_samples: 5000  num_perc:  16  val idx:  2  error:  0.18400000000000005
num_samples: 5000  num_perc:  16  val idx:  3  error:  0.18400000000000005
num_samples: 5000  num_perc:  16  val idx:  4  error:  0.21199999999999997
num_samples: 5000  num_perc:  16  val idx:  5  error:  0.24
num_samples: 5000  num_perc:  16  val idx:  6  error:  0.20399999999999996
num_samples: 5000  num_perc:  16  val idx:  7  error:  0.19999999999999996
num_samples: 5000  num_perc:  16  val idx:  8  error:  0.248
num_samples: 5000  num_perc:  16  val idx:  9  error:  0.20599999999999996
num_samples: 5000  num_perc:  16  mean error:  0.1996
num_samples: 5000  num_perc:  21  val idx:  0  error:  0.16800000000000004
num_samples: 5000  num_perc:  21  val idx:  1  error:  0.15800000000000003
num_samples: 5000  num_perc:  21  val idx:  2  error:  0.17800000000000005
num_samples: 5000  num_perc:  21  val idx:  3  error:  0.18000000000000005
num_samples: 5000  num_perc:  21  val idx:  4  error:  0.19599999999999995
num_samples: 5000  num_perc:  21  val idx:  5  error:  0.22599999999999998
num_samples: 5000  num_perc:  21  val idx:  6  error:  0.19999999999999996
num_samples: 5000  num_perc:  21  val idx:  7  error:  0.18799999999999994
num_samples: 5000  num_perc:  21  val idx:  8  error:  0.16200000000000003
num_samples: 5000  num_perc:  21  val idx:  9  error:  0.20799999999999996
num_samples: 5000  num_perc:  21  mean error:  0.1864
num_samples: 5000  num_perc:  26  val idx:  0  error:  0.15400000000000003
num_samples: 5000  num_perc:  26  val idx:  1  error:  0.16800000000000004
num_samples: 5000  num_perc:  26  val idx:  2  error:  0.16200000000000003
num_samples: 5000  num_perc:  26  val idx:  3  error:  0.15600000000000003
num_samples: 5000  num_perc:  26  val idx:  4  error:  0.19999999999999996
num_samples: 5000  num_perc:  26  val idx:  5  error:  0.21799999999999997
num_samples: 5000  num_perc:  26  val idx:  6  error:  0.16800000000000004
num_samples: 5000  num_perc:  26  val idx:  7  error:  0.18799999999999994
num_samples: 5000  num_perc:  26  val idx:  8  error:  0.16400000000000003
num_samples: 5000  num_perc:  26  val idx:  9  error:  0.17200000000000004
num_samples: 5000  num_perc:  26  mean error:  0.17500000000000004
[0.5422 0.3072 0.2362 0.1996 0.1864 0.175 ]