Loading data ...
Training with GPU ...
[0]	test-error:0.529014
[1]	test-error:0.404802
[2]	test-error:0.36448
[3]	test-error:0.34231
[4]	test-error:0.33176
[5]	test-error:0.325902
[6]	test-error:0.32021
[7]	test-error:0.31636
[8]	test-error:0.311836
[9]	test-error:0.309706
[10]	test-error:0.307158
[11]	test-error:0.305762
[12]	test-error:0.303518
[13]	test-error:0.30259
[14]	test-error:0.301148
[15]	test-error:0.299328
[16]	test-error:0.298192
[17]	test-error:0.297552
[18]	test-error:0.296118
[19]	test-error:0.294844
[20]	test-error:0.294094
[21]	test-error:0.293474
[22]	test-error:0.293054
[23]	test-error:0.292142
[24]	test-error:0.291328
[25]	test-error:0.291142
[26]	test-error:0.290114
[27]	test-error:0.289204
[28]	test-error:0.288712
[29]	test-error:0.288238
[30]	test-error:0.28778
[31]	test-error:0.28729
[32]	test-error:0.287092
[33]	test-error:0.286962
[34]	test-error:0.2868
[35]	test-error:0.286254
[36]	test-error:0.28595
[37]	test-error:0.285576
[38]	test-error:0.28505
[39]	test-error:0.284658
[40]	test-error:0.284324
[41]	test-error:0.284166
[42]	test-error:0.284004
[43]	test-error:0.283514
[44]	test-error:0.283242
[45]	test-error:0.283074
[46]	test-error:0.282844
[47]	test-error:0.282588
[48]	test-error:0.282196
[49]	test-error:0.282048
[50]	test-error:0.28184
[51]	test-error:0.28147
[52]	test-error:0.28113
[53]	test-error:0.280834
[54]	test-error:0.280784
[55]	test-error:0.28066
[56]	test-error:0.280554
[57]	test-error:0.280478
[58]	test-error:0.28039
[59]	test-error:0.28001
[60]	test-error:0.279614
[61]	test-error:0.279348
[62]	test-error:0.27936
[63]	test-error:0.278896
[64]	test-error:0.278802
[65]	test-error:0.278708
[66]	test-error:0.278578
[67]	test-error:0.278562
[68]	test-error:0.278124
[69]	test-error:0.278066
[70]	test-error:0.27803
[71]	test-error:0.277588
[72]	test-error:0.2775
[73]	test-error:0.277396
[74]	test-error:0.277356
[75]	test-error:0.277224
[76]	test-error:0.277212
[77]	test-error:0.276882
[78]	test-error:0.276706
[79]	test-error:0.27654
[80]	test-error:0.276498
[81]	test-error:0.276408
[82]	test-error:0.276374
[83]	test-error:0.276218
[84]	test-error:0.276238
[85]	test-error:0.276154
[86]	test-error:0.276164
[87]	test-error:0.276012
[88]	test-error:0.275804
[89]	test-error:0.275594
[90]	test-error:0.275564
[91]	test-error:0.275464
[92]	test-error:0.275112
[93]	test-error:0.275054
[94]	test-error:0.274952
[95]	test-error:0.274918
[96]	test-error:0.27486
[97]	test-error:0.27455
[98]	test-error:0.274554
[99]	test-error:0.27453
[100]	test-error:0.274478
[101]	test-error:0.274402
[102]	test-error:0.274382
[103]	test-error:0.274446
[104]	test-error:0.274434
[105]	test-error:0.27435
[106]	test-error:0.27413
[107]	test-error:0.274022
[108]	test-error:0.273898
[109]	test-error:0.273846
[110]	test-error:0.27372
[111]	test-error:0.273672
[112]	test-error:0.273558
[113]	test-error:0.273476
[114]	test-error:0.27337
[115]	test-error:0.27328
[116]	test-error:0.273144
[117]	test-error:0.27303
[118]	test-error:0.27263
[119]	test-error:0.272596
[120]	test-error:0.272392
[121]	test-error:0.272178
[122]	test-error:0.272012
[123]	test-error:0.271936
[124]	test-error:0.271884
[125]	test-error:0.271684
[126]	test-error:0.271706
[127]	test-error:0.271656
[128]	test-error:0.271582
[129]	test-error:0.271572
[130]	test-error:0.27154
[131]	test-error:0.271456
[132]	test-error:0.271462
[133]	test-error:0.271196
[134]	test-error:0.271148
[135]	test-error:0.27114
[136]	test-error:0.271128
[137]	test-error:0.271038
[138]	test-error:0.270838
[139]	test-error:0.270728
[140]	test-error:0.270758
[141]	test-error:0.270792
[142]	test-error:0.270822
[143]	test-error:0.270634
[144]	test-error:0.270622
[145]	test-error:0.270482
[146]	test-error:0.27046
[147]	test-error:0.27026
[148]	test-error:0.27024
[149]	test-error:0.270192
[150]	test-error:0.270096
[151]	test-error:0.270068
[152]	test-error:0.270058
[153]	test-error:0.269956
[154]	test-error:0.269818
[155]	test-error:0.269724
[156]	test-error:0.269558
[157]	test-error:0.269446
[158]	test-error:0.26927
[159]	test-error:0.269276
[160]	test-error:0.269268
[161]	test-error:0.269228
[162]	test-error:0.269196
[163]	test-error:0.268864
[164]	test-error:0.268804
[165]	test-error:0.268852
[166]	test-error:0.26883
[167]	test-error:0.268774
[168]	test-error:0.268688
[169]	test-error:0.268654
[170]	test-error:0.268654
[171]	test-error:0.26866
[172]	test-error:0.268634
[173]	test-error:0.26861
[174]	test-error:0.26854
[175]	test-error:0.26858
[176]	test-error:0.268556
[177]	test-error:0.268412
[178]	test-error:0.268144
[179]	test-error:0.268084
[180]	test-error:0.268066
[181]	test-error:0.26807
[182]	test-error:0.267934
[183]	test-error:0.267864
[184]	test-error:0.26784
[185]	test-error:0.267742
[186]	test-error:0.267734
[187]	test-error:0.26753
[188]	test-error:0.267608
[189]	test-error:0.267566
[190]	test-error:0.267544
[191]	test-error:0.267524
[192]	test-error:0.267448
[193]	test-error:0.2673
[194]	test-error:0.267314
[195]	test-error:0.26733
[196]	test-error:0.267258
[197]	test-error:0.267264
[198]	test-error:0.267252
[199]	test-error:0.267326
[200]	test-error:0.267308
[201]	test-error:0.267234
[202]	test-error:0.267186
[203]	test-error:0.267136
[204]	test-error:0.266968
[205]	test-error:0.266888
[206]	test-error:0.26681
[207]	test-error:0.26674
[208]	test-error:0.266728
[209]	test-error:0.266586
[210]	test-error:0.266406
[211]	test-error:0.266466
[212]	test-error:0.26637
[213]	test-error:0.266314
[214]	test-error:0.26628
[215]	test-error:0.266258
[216]	test-error:0.266198
[217]	test-error:0.266094
[218]	test-error:0.266072
[219]	test-error:0.266082
[220]	test-error:0.266122
[221]	test-error:0.26605
[222]	test-error:0.265962
[223]	test-error:0.26587
[224]	test-error:0.265816
[225]	test-error:0.265754
[226]	test-error:0.265702
[227]	test-error:0.265496
[228]	test-error:0.265398
[229]	test-error:0.265364
[230]	test-error:0.265372
[231]	test-error:0.265352
[232]	test-error:0.265214
[233]	test-error:0.265204
[234]	test-error:0.265246
[235]	test-error:0.265152
[236]	test-error:0.265074
[237]	test-error:0.26512
[238]	test-error:0.264996
[239]	test-error:0.265054
[240]	test-error:0.265044
[241]	test-error:0.265048
[242]	test-error:0.265086
[243]	test-error:0.264982
[244]	test-error:0.264862
[245]	test-error:0.264732
[246]	test-error:0.264742
[247]	test-error:0.2647
[248]	test-error:0.264628
[249]	test-error:0.26459
[250]	test-error:0.264524
[251]	test-error:0.264514
[252]	test-error:0.264478
[253]	test-error:0.264336
[254]	test-error:0.264172
[255]	test-error:0.264182
[256]	test-error:0.264138
[257]	test-error:0.264136
[258]	test-error:0.264078
[259]	test-error:0.263938
[260]	test-error:0.263908
[261]	test-error:0.263794
[262]	test-error:0.263806
[263]	test-error:0.26382
[264]	test-error:0.263812
[265]	test-error:0.263832
[266]	test-error:0.263822
[267]	test-error:0.263856
[268]	test-error:0.263864
[269]	test-error:0.263876
[270]	test-error:0.263758
[271]	test-error:0.263844
[272]	test-error:0.26372
[273]	test-error:0.263688
[274]	test-error:0.263626
[275]	test-error:0.263664
[276]	test-error:0.26356
[277]	test-error:0.263558
[278]	test-error:0.263514
[279]	test-error:0.263522
[280]	test-error:0.26357
[281]	test-error:0.263544
[282]	test-error:0.263536
[283]	test-error:0.26347
[284]	test-error:0.263388
[285]	test-error:0.263354
[286]	test-error:0.263302
[287]	test-error:0.26333
[288]	test-error:0.263258
[289]	test-error:0.26314
[290]	test-error:0.263126
[291]	test-error:0.262992
[292]	test-error:0.262946
[293]	test-error:0.262888
[294]	test-error:0.262906
[295]	test-error:0.262908
[296]	test-error:0.262868
[297]	test-error:0.262904
[298]	test-error:0.262906
[299]	test-error:0.262896
[300]	test-error:0.262898
[301]	test-error:0.26287
[302]	test-error:0.262872
[303]	test-error:0.262784
[304]	test-error:0.262752
[305]	test-error:0.262732
[306]	test-error:0.262684
[307]	test-error:0.262644
[308]	test-error:0.262602
[309]	test-error:0.262584
[310]	test-error:0.262566
[311]	test-error:0.262502
[312]	test-error:0.26254
[313]	test-error:0.262568
[314]	test-error:0.262536
[315]	test-error:0.262426
[316]	test-error:0.26238
[317]	test-error:0.26243
[318]	test-error:0.262412
[319]	test-error:0.262354
[320]	test-error:0.262266
[321]	test-error:0.262258
[322]	test-error:0.262224
[323]	test-error:0.262264
[324]	test-error:0.26223
[325]	test-error:0.262132
[326]	test-error:0.262116
[327]	test-error:0.262192
[328]	test-error:0.262088
[329]	test-error:0.26199
[330]	test-error:0.261944
[331]	test-error:0.261832
[332]	test-error:0.261724
[333]	test-error:0.261682
[334]	test-error:0.2617
[335]	test-error:0.26162
[336]	test-error:0.261654
[337]	test-error:0.261656
[338]	test-error:0.26167
[339]	test-error:0.261646
[340]	test-error:0.261622
[341]	test-error:0.261588
[342]	test-error:0.26162
[343]	test-error:0.26155
[344]	test-error:0.26151
[345]	test-error:0.261498
[346]	test-error:0.26149
[347]	test-error:0.261474
[348]	test-error:0.261402
[349]	test-error:0.26145
[350]	test-error:0.261284
[351]	test-error:0.26131
[352]	test-error:0.261246
[353]	test-error:0.261184
[354]	test-error:0.261072
[355]	test-error:0.261164
[356]	test-error:0.261088
[357]	test-error:0.261144
[358]	test-error:0.261078
[359]	test-error:0.260932
[360]	test-error:0.260908
[361]	test-error:0.260892
[362]	test-error:0.26093
[363]	test-error:0.260932
[364]	test-error:0.260784
[365]	test-error:0.260874
[366]	test-error:0.260882
[367]	test-error:0.260892
[368]	test-error:0.260884
[369]	test-error:0.260834
[370]	test-error:0.260808
[371]	test-error:0.26077
[372]	test-error:0.260748
[373]	test-error:0.260666
[374]	test-error:0.260564
[375]	test-error:0.260522
[376]	test-error:0.2603
[377]	test-error:0.260344
[378]	test-error:0.260314
[379]	test-error:0.260268
[380]	test-error:0.260254
[381]	test-error:0.260286
[382]	test-error:0.260252
[383]	test-error:0.26026
[384]	test-error:0.260284
[385]	test-error:0.260232
[386]	test-error:0.260214
[387]	test-error:0.260082
[388]	test-error:0.259956
[389]	test-error:0.260016
[390]	test-error:0.259842
[391]	test-error:0.25995
[392]	test-error:0.259832
[393]	test-error:0.259822
[394]	test-error:0.259828
[395]	test-error:0.259896
[396]	test-error:0.259894
[397]	test-error:0.259928
[398]	test-error:0.259844
[399]	test-error:0.25984
[400]	test-error:0.259842
[401]	test-error:0.259864
[402]	test-error:0.259878
[403]	test-error:0.259866
[404]	test-error:0.259854
[405]	test-error:0.259868
[406]	test-error:0.259892
[407]	test-error:0.259868
[408]	test-error:0.259812
[409]	test-error:0.259796
[410]	test-error:0.259744
[411]	test-error:0.259762
[412]	test-error:0.259736
[413]	test-error:0.259668
[414]	test-error:0.259684
[415]	test-error:0.259658
[416]	test-error:0.259692
[417]	test-error:0.259684
[418]	test-error:0.259656
[419]	test-error:0.259604
[420]	test-error:0.259546
[421]	test-error:0.259534
[422]	test-error:0.259494
[423]	test-error:0.259498
[424]	test-error:0.259392
[425]	test-error:0.259438
[426]	test-error:0.259382
[427]	test-error:0.259434
[428]	test-error:0.25941
[429]	test-error:0.259332
[430]	test-error:0.259298
[431]	test-error:0.259244
[432]	test-error:0.259294
[433]	test-error:0.259214
[434]	test-error:0.259184
[435]	test-error:0.259148
[436]	test-error:0.25906
[437]	test-error:0.25904
[438]	test-error:0.258978
[439]	test-error:0.258926
[440]	test-error:0.258928
[441]	test-error:0.2589
[442]	test-error:0.258832
[443]	test-error:0.258866
[444]	test-error:0.258822
[445]	test-error:0.25881
[446]	test-error:0.258802
[447]	test-error:0.258786
[448]	test-error:0.258776
[449]	test-error:0.25878
[450]	test-error:0.258794
[451]	test-error:0.258822
[452]	test-error:0.25877
[453]	test-error:0.258752
[454]	test-error:0.258702
[455]	test-error:0.258662
[456]	test-error:0.258682
[457]	test-error:0.258684
[458]	test-error:0.258724
[459]	test-error:0.258656
[460]	test-error:0.25857
[461]	test-error:0.258576
[462]	test-error:0.258564
[463]	test-error:0.258538
[464]	test-error:0.258496
[465]	test-error:0.25853
[466]	test-error:0.258518
[467]	test-error:0.258474
[468]	test-error:0.258484
[469]	test-error:0.258524
[470]	test-error:0.258512
[471]	test-error:0.258448
[472]	test-error:0.25848
[473]	test-error:0.258478
[474]	test-error:0.258466
[475]	test-error:0.258468
[476]	test-error:0.258376
[477]	test-error:0.258404
[478]	test-error:0.258558
[479]	test-error:0.25852
[480]	test-error:0.258434
[481]	test-error:0.258384
[482]	test-error:0.258328
[483]	test-error:0.258336
[484]	test-error:0.258268
[485]	test-error:0.258226
[486]	test-error:0.258172
[487]	test-error:0.258186
[488]	test-error:0.258186
[489]	test-error:0.258234
[490]	test-error:0.25821
[491]	test-error:0.258292
[492]	test-error:0.25825
[493]	test-error:0.258224
[494]	test-error:0.258236
[495]	test-error:0.258206
[496]	test-error:0.258176
[497]	test-error:0.258126
[498]	test-error:0.258054
[499]	test-error:0.258008
[500]	test-error:0.258102
[501]	test-error:0.258022
[502]	test-error:0.258016
[503]	test-error:0.258052
[504]	test-error:0.257936
[505]	test-error:0.258006
[506]	test-error:0.257962
[507]	test-error:0.257946
[508]	test-error:0.257948
[509]	test-error:0.257968
[510]	test-error:0.257956
[511]	test-error:0.257888
[512]	test-error:0.25792
[513]	test-error:0.257852
[514]	test-error:0.257868
[515]	test-error:0.2578
[516]	test-error:0.257674
[517]	test-error:0.25775
[518]	test-error:0.257794
[519]	test-error:0.257798
[520]	test-error:0.257734
[521]	test-error:0.257646
[522]	test-error:0.257642
[523]	test-error:0.25761
[524]	test-error:0.257652
[525]	test-error:0.257618
[526]	test-error:0.257664
[527]	test-error:0.257592
[528]	test-error:0.257638
[529]	test-error:0.257582
[530]	test-error:0.25761
[531]	test-error:0.257564
[532]	test-error:0.25753
[533]	test-error:0.257498
[534]	test-error:0.25743
[535]	test-error:0.257428
[536]	test-error:0.257442
[537]	test-error:0.257452
[538]	test-error:0.257472
[539]	test-error:0.257392
[540]	test-error:0.257386
[541]	test-error:0.257374
[542]	test-error:0.257356
[543]	test-error:0.257334
[544]	test-error:0.257262
[545]	test-error:0.257206
[546]	test-error:0.257188
[547]	test-error:0.257162
[548]	test-error:0.257098
[549]	test-error:0.257144
[550]	test-error:0.257122
[551]	test-error:0.25709
[552]	test-error:0.257096
[553]	test-error:0.257104
[554]	test-error:0.2571
[555]	test-error:0.257112
[556]	test-error:0.257112
[557]	test-error:0.257118
[558]	test-error:0.257054
[559]	test-error:0.257026
[560]	test-error:0.257032
[561]	test-error:0.25704
[562]	test-error:0.25702
[563]	test-error:0.256966
[564]	test-error:0.256972
[565]	test-error:0.25692
[566]	test-error:0.256882
[567]	test-error:0.256878
[568]	test-error:0.256858
[569]	test-error:0.256936
[570]	test-error:0.25685
[571]	test-error:0.256888
[572]	test-error:0.256798
[573]	test-error:0.256836
[574]	test-error:0.256794
[575]	test-error:0.256926
[576]	test-error:0.256856
[577]	test-error:0.25682
[578]	test-error:0.256774
[579]	test-error:0.256764
[580]	test-error:0.25678
[581]	test-error:0.25673
[582]	test-error:0.2567
[583]	test-error:0.256656
[584]	test-error:0.256628
[585]	test-error:0.25653
[586]	test-error:0.256546
[587]	test-error:0.256526
[588]	test-error:0.25651
[589]	test-error:0.256472
[590]	test-error:0.256476
[591]	test-error:0.256416
[592]	test-error:0.25642
[593]	test-error:0.25642
[594]	test-error:0.25636
[595]	test-error:0.256368
[596]	test-error:0.256412
[597]	test-error:0.25644
[598]	test-error:0.25644
[599]	test-error:0.256382
[600]	test-error:0.256368
[601]	test-error:0.25635
[602]	test-error:0.256332
[603]	test-error:0.256328
[604]	test-error:0.256318
[605]	test-error:0.256356
[606]	test-error:0.256326
[607]	test-error:0.256238
[608]	test-error:0.25624
[609]	test-error:0.256282
[610]	test-error:0.25629
[611]	test-error:0.256234
[612]	test-error:0.256262
[613]	test-error:0.25623
[614]	test-error:0.256188
[615]	test-error:0.256272
[616]	test-error:0.256224
[617]	test-error:0.256152
[618]	test-error:0.256144
[619]	test-error:0.256072
[620]	test-error:0.25609
[621]	test-error:0.256156
[622]	test-error:0.256138
[623]	test-error:0.256162
[624]	test-error:0.256216
[625]	test-error:0.256114
[626]	test-error:0.256086
[627]	test-error:0.256062
[628]	test-error:0.256024
[629]	test-error:0.256022
[630]	test-error:0.255956
[631]	test-error:0.255918
[632]	test-error:0.255918
[633]	test-error:0.255996
[634]	test-error:0.255922
[635]	test-error:0.256
[636]	test-error:0.25583
[637]	test-error:0.25592
[638]	test-error:0.255902
[639]	test-error:0.25587
[640]	test-error:0.25586
[641]	test-error:0.255878
[642]	test-error:0.255854
[643]	test-error:0.25585
[644]	test-error:0.255828
[645]	test-error:0.255828
[646]	test-error:0.25578
[647]	test-error:0.255774
[648]	test-error:0.255692
[649]	test-error:0.255694
[650]	test-error:0.255676
[651]	test-error:0.255688
[652]	test-error:0.255656
[653]	test-error:0.255654
[654]	test-error:0.255558
[655]	test-error:0.255584
[656]	test-error:0.255566
[657]	test-error:0.255596
[658]	test-error:0.255646
[659]	test-error:0.255614
[660]	test-error:0.255588
[661]	test-error:0.255576
[662]	test-error:0.255582
[663]	test-error:0.255586
[664]	test-error:0.255522
[665]	test-error:0.255514
[666]	test-error:0.2554
[667]	test-error:0.25547
[668]	test-error:0.255506
[669]	test-error:0.255506
[670]	test-error:0.255458
[671]	test-error:0.255414
[672]	test-error:0.255398
[673]	test-error:0.255388
[674]	test-error:0.25535
[675]	test-error:0.255314
[676]	test-error:0.25531
[677]	test-error:0.255346
[678]	test-error:0.25536
[679]	test-error:0.25529
[680]	test-error:0.255236
[681]	test-error:0.255274
[682]	test-error:0.255192
[683]	test-error:0.25514
[684]	test-error:0.255186
[685]	test-error:0.25526
[686]	test-error:0.255258
[687]	test-error:0.255262
[688]	test-error:0.255338
[689]	test-error:0.255304
[690]	test-error:0.25524
[691]	test-error:0.255256
[692]	test-error:0.255234
[693]	test-error:0.255214
[694]	test-error:0.255264
[695]	test-error:0.255186
[696]	test-error:0.255128
[697]	test-error:0.255156
[698]	test-error:0.25517
[699]	test-error:0.255134
[700]	test-error:0.255054
[701]	test-error:0.255116
[702]	test-error:0.255074
[703]	test-error:0.255018
[704]	test-error:0.255028
[705]	test-error:0.255006
[706]	test-error:0.255026
[707]	test-error:0.255064
[708]	test-error:0.25505
[709]	test-error:0.254982
[710]	test-error:0.254974
[711]	test-error:0.254904
[712]	test-error:0.254958
[713]	test-error:0.254876
[714]	test-error:0.254838
[715]	test-error:0.25482
[716]	test-error:0.254864
[717]	test-error:0.254838
[718]	test-error:0.25479
[719]	test-error:0.254748
[720]	test-error:0.254752
[721]	test-error:0.25475
[722]	test-error:0.254764
[723]	test-error:0.254762
[724]	test-error:0.254738
[725]	test-error:0.254714
[726]	test-error:0.254714
[727]	test-error:0.254684
[728]	test-error:0.254766
[729]	test-error:0.254776
[730]	test-error:0.254806
[731]	test-error:0.254782
[732]	test-error:0.254738
[733]	test-error:0.2547
[734]	test-error:0.254662
[735]	test-error:0.254666
[736]	test-error:0.25458
[737]	test-error:0.254546
[738]	test-error:0.254574
[739]	test-error:0.25454
[740]	test-error:0.254548
[741]	test-error:0.254514
[742]	test-error:0.25448
[743]	test-error:0.254498
[744]	test-error:0.254542
[745]	test-error:0.254502
[746]	test-error:0.254462
[747]	test-error:0.254502
[748]	test-error:0.25451
[749]	test-error:0.254518
[750]	test-error:0.2545
[751]	test-error:0.254536
[752]	test-error:0.254504
[753]	test-error:0.25448
[754]	test-error:0.25443
[755]	test-error:0.25436
[756]	test-error:0.254394
[757]	test-error:0.25441
[758]	test-error:0.254416
[759]	test-error:0.254392
[760]	test-error:0.254366
[761]	test-error:0.254416
[762]	test-error:0.25443
[763]	test-error:0.254442
[764]	test-error:0.254416
[765]	test-error:0.254364
[766]	test-error:0.254386
[767]	test-error:0.254368
[768]	test-error:0.254358
[769]	test-error:0.254384
[770]	test-error:0.254396
[771]	test-error:0.254412
[772]	test-error:0.254402
[773]	test-error:0.254374
[774]	test-error:0.254306
[775]	test-error:0.254278
[776]	test-error:0.25426
[777]	test-error:0.25426
[778]	test-error:0.254276
[779]	test-error:0.254286
[780]	test-error:0.254264
[781]	test-error:0.254268
[782]	test-error:0.254308
[783]	test-error:0.254334
[784]	test-error:0.254352
[785]	test-error:0.254278
[786]	test-error:0.25426
[787]	test-error:0.254252
[788]	test-error:0.25426
[789]	test-error:0.254216
[790]	test-error:0.254242
[791]	test-error:0.254216
[792]	test-error:0.254216
[793]	test-error:0.254148
[794]	test-error:0.254164
[795]	test-error:0.254062
[796]	test-error:0.254048
[797]	test-error:0.254062
[798]	test-error:0.254068
[799]	test-error:0.25408
[800]	test-error:0.254038
[801]	test-error:0.254022
[802]	test-error:0.253982
[803]	test-error:0.253932
[804]	test-error:0.253922
[805]	test-error:0.254052
[806]	test-error:0.254016
[807]	test-error:0.25395
[808]	test-error:0.253906
[809]	test-error:0.253938
[810]	test-error:0.25394
[811]	test-error:0.253946
[812]	test-error:0.253976
[813]	test-error:0.253988
[814]	test-error:0.253922
[815]	test-error:0.253932
[816]	test-error:0.253952
[817]	test-error:0.253966
[818]	test-error:0.253908
[819]	test-error:0.253896
[820]	test-error:0.253916
[821]	test-error:0.253862
[822]	test-error:0.253838
[823]	test-error:0.253786
[824]	test-error:0.253834
[825]	test-error:0.25383
[826]	test-error:0.253834
[827]	test-error:0.253814
[828]	test-error:0.253804
[829]	test-error:0.25374
[830]	test-error:0.253728
[831]	test-error:0.253756
[832]	test-error:0.25375
[833]	test-error:0.253694
[834]	test-error:0.253732
[835]	test-error:0.253712
[836]	test-error:0.253708
[837]	test-error:0.253696
[838]	test-error:0.253644
[839]	test-error:0.25363
[840]	test-error:0.25364
[841]	test-error:0.25362
[842]	test-error:0.2536
[843]	test-error:0.253568
[844]	test-error:0.253558
[845]	test-error:0.253574
[846]	test-error:0.253588
[847]	test-error:0.253572
[848]	test-error:0.25356
[849]	test-error:0.253538
[850]	test-error:0.253554
[851]	test-error:0.253564
[852]	test-error:0.253554
[853]	test-error:0.253588
[854]	test-error:0.253568
[855]	test-error:0.253514
[856]	test-error:0.25353
[857]	test-error:0.253486
[858]	test-error:0.253506
[859]	test-error:0.253524
[860]	test-error:0.253514
[861]	test-error:0.253504
[862]	test-error:0.2535
[863]	test-error:0.25351
[864]	test-error:0.253506
[865]	test-error:0.253496
[866]	test-error:0.253486
[867]	test-error:0.253486
[868]	test-error:0.25347
[869]	test-error:0.253362
[870]	test-error:0.25331
[871]	test-error:0.253278
[872]	test-error:0.253252
[873]	test-error:0.253298
[874]	test-error:0.253322
[875]	test-error:0.253288
[876]	test-error:0.253312
[877]	test-error:0.253306
[878]	test-error:0.253274
[879]	test-error:0.253264
[880]	test-error:0.253238
[881]	test-error:0.253234
[882]	test-error:0.25325
[883]	test-error:0.253218
[884]	test-error:0.253266
[885]	test-error:0.253212
[886]	test-error:0.253214
[887]	test-error:0.253222
[888]	test-error:0.253228
[889]	test-error:0.25322
[890]	test-error:0.253154
[891]	test-error:0.253104
[892]	test-error:0.25308
[893]	test-error:0.253098
[894]	test-error:0.25311
[895]	test-error:0.253102
[896]	test-error:0.253144
[897]	test-error:0.253122
[898]	test-error:0.253116
[899]	test-error:0.253118
[900]	test-error:0.253094
[901]	test-error:0.253026
[902]	test-error:0.253058
[903]	test-error:0.253088
[904]	test-error:0.253054
[905]	test-error:0.253066
[906]	test-error:0.253076
[907]	test-error:0.2531
[908]	test-error:0.253086
[909]	test-error:0.253082
[910]	test-error:0.253066
[911]	test-error:0.253046
[912]	test-error:0.253074
[913]	test-error:0.253056
[914]	test-error:0.253028
[915]	test-error:0.253004
[916]	test-error:0.252988
[917]	test-error:0.252922
[918]	test-error:0.252962
[919]	test-error:0.252916
[920]	test-error:0.252906
[921]	test-error:0.252946
[922]	test-error:0.252944
[923]	test-error:0.252974
[924]	test-error:0.252966
[925]	test-error:0.252954
[926]	test-error:0.252948
[927]	test-error:0.252944
[928]	test-error:0.252912
[929]	test-error:0.25286
[930]	test-error:0.252878
[931]	test-error:0.25285
[932]	test-error:0.252814
[933]	test-error:0.252764
[934]	test-error:0.252706
[935]	test-error:0.252692
[936]	test-error:0.25268
[937]	test-error:0.25269
[938]	test-error:0.252726
[939]	test-error:0.252688
[940]	test-error:0.25266
[941]	test-error:0.252652
[942]	test-error:0.252672
[943]	test-error:0.252624
[944]	test-error:0.252688
[945]	test-error:0.252638
[946]	test-error:0.252618
[947]	test-error:0.252624
[948]	test-error:0.252588
[949]	test-error:0.252604
[950]	test-error:0.25266
[951]	test-error:0.252674
[952]	test-error:0.252728
[953]	test-error:0.25269
[954]	test-error:0.252688
[955]	test-error:0.252638
[956]	test-error:0.25264
[957]	test-error:0.25255
[958]	test-error:0.252598
[959]	test-error:0.252594
[960]	test-error:0.25255
[961]	test-error:0.252542
[962]	test-error:0.252536
[963]	test-error:0.252544
[964]	test-error:0.25253
[965]	test-error:0.252558
[966]	test-error:0.252514
[967]	test-error:0.252514
[968]	test-error:0.252556
[969]	test-error:0.252536
[970]	test-error:0.252534
[971]	test-error:0.252542
[972]	test-error:0.252538
[973]	test-error:0.252486
[974]	test-error:0.2525
[975]	test-error:0.252468
[976]	test-error:0.252454
[977]	test-error:0.252412
[978]	test-error:0.252416
[979]	test-error:0.252418
[980]	test-error:0.252412
[981]	test-error:0.252412
[982]	test-error:0.252414
[983]	test-error:0.252428
[984]	test-error:0.252378
[985]	test-error:0.252368
[986]	test-error:0.252416
[987]	test-error:0.252378
[988]	test-error:0.252384
[989]	test-error:0.252336
[990]	test-error:0.252298
[991]	test-error:0.252286
[992]	test-error:0.252308
[993]	test-error:0.252314
[994]	test-error:0.25234
[995]	test-error:0.252304
[996]	test-error:0.252278
[997]	test-error:0.252298
[998]	test-error:0.252292
[999]	test-error:0.252362
GPU Training Time: 141.456628084 seconds
Training with CPU ...
[0]	test-error:0.529014
[1]	test-error:0.404738
[2]	test-error:0.36437
[3]	test-error:0.34097
[4]	test-error:0.331918
[5]	test-error:0.32475
[6]	test-error:0.319754
[7]	test-error:0.315512
[8]	test-error:0.311284
[9]	test-error:0.308898
[10]	test-error:0.307206
[11]	test-error:0.304674
[12]	test-error:0.303676
[13]	test-error:0.30237
[14]	test-error:0.30134
[15]	test-error:0.299422
[16]	test-error:0.298594
[17]	test-error:0.297768
[18]	test-error:0.29728
[19]	test-error:0.296026
[20]	test-error:0.294522
[21]	test-error:0.293628
[22]	test-error:0.293202
[23]	test-error:0.291962
[24]	test-error:0.291472
[25]	test-error:0.291148
[26]	test-error:0.290512
[27]	test-error:0.289894
[28]	test-error:0.289392
[29]	test-error:0.288766
[30]	test-error:0.288244
[31]	test-error:0.288022
[32]	test-error:0.287828
[33]	test-error:0.287544
[34]	test-error:0.287298
[35]	test-error:0.28721
[36]	test-error:0.286594
[37]	test-error:0.2861
[38]	test-error:0.285792
[39]	test-error:0.285126
[40]	test-error:0.284672
[41]	test-error:0.284452
[42]	test-error:0.284136
[43]	test-error:0.284138
[44]	test-error:0.28366
[45]	test-error:0.283444
[46]	test-error:0.283362
[47]	test-error:0.283164
[48]	test-error:0.283072
[49]	test-error:0.282756
[50]	test-error:0.282562
[51]	test-error:0.282496
[52]	test-error:0.282152
[53]	test-error:0.282104
[54]	test-error:0.281984
[55]	test-error:0.281852
[56]	test-error:0.281706
[57]	test-error:0.281398
[58]	test-error:0.28107
[59]	test-error:0.280878
[60]	test-error:0.28085
[61]	test-error:0.28055
[62]	test-error:0.280404
[63]	test-error:0.280304
[64]	test-error:0.280004
[65]	test-error:0.279816
[66]	test-error:0.279552
[67]	test-error:0.279634
[68]	test-error:0.279578
[69]	test-error:0.279346
[70]	test-error:0.279182
[71]	test-error:0.279126
[72]	test-error:0.278992
[73]	test-error:0.278766
[74]	test-error:0.278578
[75]	test-error:0.2785
[76]	test-error:0.278474
[77]	test-error:0.27812
[78]	test-error:0.277812
[79]	test-error:0.277838
[80]	test-error:0.277802
[81]	test-error:0.277734
[82]	test-error:0.277676
[83]	test-error:0.277452
[84]	test-error:0.277172
[85]	test-error:0.276968
[86]	test-error:0.276664
[87]	test-error:0.276612
[88]	test-error:0.27644
[89]	test-error:0.276386
[90]	test-error:0.276194
[91]	test-error:0.276162
[92]	test-error:0.275886
[93]	test-error:0.275838
[94]	test-error:0.275754
[95]	test-error:0.275702
[96]	test-error:0.27554
[97]	test-error:0.275254
[98]	test-error:0.275078
[99]	test-error:0.274974
[100]	test-error:0.274618
[101]	test-error:0.274632
[102]	test-error:0.274642
[103]	test-error:0.274496
[104]	test-error:0.274492
[105]	test-error:0.274458
[106]	test-error:0.274436
[107]	test-error:0.274094
[108]	test-error:0.274102
[109]	test-error:0.273788
[110]	test-error:0.27376
[111]	test-error:0.273608
[112]	test-error:0.273366
[113]	test-error:0.273244
[114]	test-error:0.273228
[115]	test-error:0.27315
[116]	test-error:0.273158
[117]	test-error:0.273028
[118]	test-error:0.272868
[119]	test-error:0.272772
[120]	test-error:0.272458
[121]	test-error:0.272448
[122]	test-error:0.27243
[123]	test-error:0.272474
[124]	test-error:0.272508
[125]	test-error:0.272384
[126]	test-error:0.272282
[127]	test-error:0.27226
[128]	test-error:0.271984
[129]	test-error:0.271884
[130]	test-error:0.271698
[131]	test-error:0.271646
[132]	test-error:0.271608
[133]	test-error:0.2715
[134]	test-error:0.271448
[135]	test-error:0.271218
[136]	test-error:0.271192
[137]	test-error:0.271066
[138]	test-error:0.270962
[139]	test-error:0.270798
[140]	test-error:0.270642
[141]	test-error:0.270634
[142]	test-error:0.2706
[143]	test-error:0.270474
[144]	test-error:0.270422
[145]	test-error:0.270294
[146]	test-error:0.27027
[147]	test-error:0.270244
[148]	test-error:0.270182
[149]	test-error:0.270132
[150]	test-error:0.269948
[151]	test-error:0.269972
[152]	test-error:0.269878
[153]	test-error:0.269854
[154]	test-error:0.269848
[155]	test-error:0.269846
[156]	test-error:0.269808
[157]	test-error:0.269762
[158]	test-error:0.269752
[159]	test-error:0.269762
[160]	test-error:0.269636
[161]	test-error:0.269464
[162]	test-error:0.26942
[163]	test-error:0.269336
[164]	test-error:0.26939
[165]	test-error:0.26931
[166]	test-error:0.269124
[167]	test-error:0.269024
[168]	test-error:0.268916
[169]	test-error:0.26893
[170]	test-error:0.26892
[171]	test-error:0.26889
[172]	test-error:0.268844
[173]	test-error:0.268804
[174]	test-error:0.268756
[175]	test-error:0.268766
[176]	test-error:0.26876
[177]	test-error:0.268632
[178]	test-error:0.268652
[179]	test-error:0.26862
[180]	test-error:0.268482
[181]	test-error:0.268478
[182]	test-error:0.268508
[183]	test-error:0.268462
[184]	test-error:0.268436
[185]	test-error:0.268458
[186]	test-error:0.26841
[187]	test-error:0.2682
[188]	test-error:0.268208
[189]	test-error:0.26821
[190]	test-error:0.268038
[191]	test-error:0.26798
[192]	test-error:0.267896
[193]	test-error:0.26792
[194]	test-error:0.26784
[195]	test-error:0.267782
[196]	test-error:0.267814
[197]	test-error:0.267796
[198]	test-error:0.267728
[199]	test-error:0.267668
[200]	test-error:0.267622
[201]	test-error:0.267602
[202]	test-error:0.2675
[203]	test-error:0.267482
[204]	test-error:0.267462
[205]	test-error:0.267414
[206]	test-error:0.267356
[207]	test-error:0.267278
[208]	test-error:0.267144
[209]	test-error:0.267184
[210]	test-error:0.267188
[211]	test-error:0.267022
[212]	test-error:0.266916
[213]	test-error:0.266846
[214]	test-error:0.266784
[215]	test-error:0.266748
[216]	test-error:0.266754
[217]	test-error:0.266756
[218]	test-error:0.266598
[219]	test-error:0.266558
[220]	test-error:0.266586
[221]	test-error:0.26652
[222]	test-error:0.266436
[223]	test-error:0.266438
[224]	test-error:0.266424
[225]	test-error:0.266264
[226]	test-error:0.266198
[227]	test-error:0.266262
[228]	test-error:0.26614
[229]	test-error:0.266166
[230]	test-error:0.265944
[231]	test-error:0.265984
[232]	test-error:0.26592
[233]	test-error:0.265952
[234]	test-error:0.265934
[235]	test-error:0.265978
[236]	test-error:0.265944
[237]	test-error:0.265716
[238]	test-error:0.26557
[239]	test-error:0.265612
[240]	test-error:0.265478
[241]	test-error:0.265472
[242]	test-error:0.265396
[243]	test-error:0.265368
[244]	test-error:0.265398
[245]	test-error:0.265416
[246]	test-error:0.265376
[247]	test-error:0.265324
[248]	test-error:0.265228
[249]	test-error:0.265078
[250]	test-error:0.265042
[251]	test-error:0.265052
[252]	test-error:0.264984
[253]	test-error:0.264986
[254]	test-error:0.264954
[255]	test-error:0.264954
[256]	test-error:0.265032
[257]	test-error:0.264986
[258]	test-error:0.265066
[259]	test-error:0.26483
[260]	test-error:0.264848
[261]	test-error:0.264822
[262]	test-error:0.26477
[263]	test-error:0.264724
[264]	test-error:0.264652
[265]	test-error:0.264598
[266]	test-error:0.264644
[267]	test-error:0.264548
[268]	test-error:0.264398
[269]	test-error:0.264356
[270]	test-error:0.264332
[271]	test-error:0.264332
[272]	test-error:0.264348
[273]	test-error:0.264356
[274]	test-error:0.264144
[275]	test-error:0.264066
[276]	test-error:0.264026
[277]	test-error:0.263962
[278]	test-error:0.263964
[279]	test-error:0.263898
[280]	test-error:0.263878
[281]	test-error:0.26386
[282]	test-error:0.263802
[283]	test-error:0.26383
[284]	test-error:0.263686
[285]	test-error:0.263618
[286]	test-error:0.263572
[287]	test-error:0.26361
[288]	test-error:0.26359
[289]	test-error:0.2636
[290]	test-error:0.263568
[291]	test-error:0.263584
[292]	test-error:0.263484
[293]	test-error:0.263464
[294]	test-error:0.263418
[295]	test-error:0.263434
[296]	test-error:0.263402
[297]	test-error:0.263392
[298]	test-error:0.263402
[299]	test-error:0.263328
[300]	test-error:0.263304
[301]	test-error:0.263216
[302]	test-error:0.263154
[303]	test-error:0.26314
[304]	test-error:0.263124
[305]	test-error:0.263108
[306]	test-error:0.263088
[307]	test-error:0.26312
[308]	test-error:0.263038
[309]	test-error:0.263026
[310]	test-error:0.263008
[311]	test-error:0.262892
[312]	test-error:0.26292
[313]	test-error:0.26286
[314]	test-error:0.262884
[315]	test-error:0.26294
[316]	test-error:0.262882
[317]	test-error:0.262906
[318]	test-error:0.262898
[319]	test-error:0.262736
[320]	test-error:0.262704
[321]	test-error:0.262668
[322]	test-error:0.26264
[323]	test-error:0.262576
[324]	test-error:0.262552
[325]	test-error:0.262524
[326]	test-error:0.262496
[327]	test-error:0.262382
[328]	test-error:0.262436
[329]	test-error:0.262278
[330]	test-error:0.262244
[331]	test-error:0.262206
[332]	test-error:0.262198
[333]	test-error:0.262178
[334]	test-error:0.262218
[335]	test-error:0.262238
[336]	test-error:0.262202
[337]	test-error:0.262184
[338]	test-error:0.26211
[339]	test-error:0.262074
[340]	test-error:0.262046
[341]	test-error:0.262014
[342]	test-error:0.262028
[343]	test-error:0.261952
[344]	test-error:0.261966
[345]	test-error:0.261984
[346]	test-error:0.261948
[347]	test-error:0.261974
[348]	test-error:0.261988
[349]	test-error:0.261952
[350]	test-error:0.261852
[351]	test-error:0.261808
[352]	test-error:0.261776
[353]	test-error:0.261726
[354]	test-error:0.261612
[355]	test-error:0.261556
[356]	test-error:0.261534
[357]	test-error:0.261468
[358]	test-error:0.261426
[359]	test-error:0.261416
[360]	test-error:0.261422
[361]	test-error:0.26132
[362]	test-error:0.26133
[363]	test-error:0.261288
[364]	test-error:0.26133
[365]	test-error:0.261302
[366]	test-error:0.261304
[367]	test-error:0.261258
[368]	test-error:0.261256
[369]	test-error:0.261296
[370]	test-error:0.261294
[371]	test-error:0.261224
[372]	test-error:0.261324
[373]	test-error:0.261298
[374]	test-error:0.261296
[375]	test-error:0.261292
[376]	test-error:0.26117
[377]	test-error:0.26119
[378]	test-error:0.26113
[379]	test-error:0.261124
[380]	test-error:0.261018
[381]	test-error:0.261006
[382]	test-error:0.261044
[383]	test-error:0.261084
[384]	test-error:0.260966
[385]	test-error:0.26086
[386]	test-error:0.260772
[387]	test-error:0.260766
[388]	test-error:0.260654
[389]	test-error:0.26068
[390]	test-error:0.260712
[391]	test-error:0.260726
[392]	test-error:0.260728
[393]	test-error:0.260776
[394]	test-error:0.260696
[395]	test-error:0.260616
[396]	test-error:0.260544
[397]	test-error:0.260544
[398]	test-error:0.260534
[399]	test-error:0.260548
[400]	test-error:0.260588
[401]	test-error:0.260546
[402]	test-error:0.260542
[403]	test-error:0.260504
[404]	test-error:0.260422
[405]	test-error:0.260368
[406]	test-error:0.260324
[407]	test-error:0.260404
[408]	test-error:0.260384
[409]	test-error:0.260366
[410]	test-error:0.260286
[411]	test-error:0.260204
[412]	test-error:0.260242
[413]	test-error:0.260256
[414]	test-error:0.2602
[415]	test-error:0.260208
[416]	test-error:0.2601
[417]	test-error:0.260058
[418]	test-error:0.260046
[419]	test-error:0.260032
[420]	test-error:0.259964
[421]	test-error:0.259986
[422]	test-error:0.259992
[423]	test-error:0.259946
[424]	test-error:0.259966
[425]	test-error:0.259964
[426]	test-error:0.259908
[427]	test-error:0.259884
[428]	test-error:0.25992
[429]	test-error:0.259916
[430]	test-error:0.259866
[431]	test-error:0.259744
[432]	test-error:0.259634
[433]	test-error:0.259588
[434]	test-error:0.259596
[435]	test-error:0.259534
[436]	test-error:0.259444
[437]	test-error:0.259434
[438]	test-error:0.25943
[439]	test-error:0.259466
[440]	test-error:0.259444
[441]	test-error:0.259438
[442]	test-error:0.259398
[443]	test-error:0.259418
[444]	test-error:0.259402
[445]	test-error:0.259392
[446]	test-error:0.259446
[447]	test-error:0.259374
[448]	test-error:0.259358
[449]	test-error:0.259266
[450]	test-error:0.259202
[451]	test-error:0.259158
[452]	test-error:0.25912
[453]	test-error:0.259142
[454]	test-error:0.259106
[455]	test-error:0.259152
[456]	test-error:0.25919
[457]	test-error:0.259134
[458]	test-error:0.259106
[459]	test-error:0.259102
[460]	test-error:0.259064
[461]	test-error:0.259014
[462]	test-error:0.259058
[463]	test-error:0.259072
[464]	test-error:0.258998
[465]	test-error:0.258954
[466]	test-error:0.258966
[467]	test-error:0.258966
[468]	test-error:0.258928
[469]	test-error:0.258898
[470]	test-error:0.258816
[471]	test-error:0.258754
[472]	test-error:0.258748
[473]	test-error:0.25876
[474]	test-error:0.258718
[475]	test-error:0.25871
[476]	test-error:0.258732
[477]	test-error:0.25871
[478]	test-error:0.258676
[479]	test-error:0.25863
[480]	test-error:0.258618
[481]	test-error:0.258566
[482]	test-error:0.258606
[483]	test-error:0.258538
[484]	test-error:0.258504
[485]	test-error:0.258516
[486]	test-error:0.258518
[487]	test-error:0.25849
[488]	test-error:0.258472
[489]	test-error:0.258482
[490]	test-error:0.258482
[491]	test-error:0.258426
[492]	test-error:0.258392
[493]	test-error:0.258414
[494]	test-error:0.258412
[495]	test-error:0.258434
[496]	test-error:0.258402
[497]	test-error:0.258418
[498]	test-error:0.2584
[499]	test-error:0.25835
[500]	test-error:0.258364
[501]	test-error:0.258332
[502]	test-error:0.258334
[503]	test-error:0.258376
[504]	test-error:0.258388
[505]	test-error:0.258388
[506]	test-error:0.258308
[507]	test-error:0.25827
[508]	test-error:0.258314
[509]	test-error:0.25825
[510]	test-error:0.258228
[511]	test-error:0.258222
[512]	test-error:0.258254
[513]	test-error:0.258196
[514]	test-error:0.258114
[515]	test-error:0.258042
[516]	test-error:0.258056
[517]	test-error:0.258042
[518]	test-error:0.25802
[519]	test-error:0.25802
[520]	test-error:0.258042
[521]	test-error:0.257976
[522]	test-error:0.257996
[523]	test-error:0.257934
[524]	test-error:0.25798
[525]	test-error:0.257954
[526]	test-error:0.257972
[527]	test-error:0.257984
[528]	test-error:0.258012
[529]	test-error:0.257894
[530]	test-error:0.257824
[531]	test-error:0.2578
[532]	test-error:0.25779
[533]	test-error:0.257796
[534]	test-error:0.257792
[535]	test-error:0.25777
[536]	test-error:0.257762
[537]	test-error:0.257832
[538]	test-error:0.257804
[539]	test-error:0.257758
[540]	test-error:0.257742
[541]	test-error:0.257684
[542]	test-error:0.257668
[543]	test-error:0.257666
[544]	test-error:0.257644
[545]	test-error:0.257658
[546]	test-error:0.257638
[547]	test-error:0.25763
[548]	test-error:0.257574
[549]	test-error:0.257568
[550]	test-error:0.257452
[551]	test-error:0.257422
[552]	test-error:0.257404
[553]	test-error:0.257438
[554]	test-error:0.257354
[555]	test-error:0.257342
[556]	test-error:0.257348
[557]	test-error:0.257346
[558]	test-error:0.257342
[559]	test-error:0.257316
[560]	test-error:0.25732
[561]	test-error:0.257256
[562]	test-error:0.257314
[563]	test-error:0.257322
[564]	test-error:0.257232
[565]	test-error:0.257274
[566]	test-error:0.257312
[567]	test-error:0.257262
[568]	test-error:0.25731
[569]	test-error:0.257312
[570]	test-error:0.257342
[571]	test-error:0.257318
[572]	test-error:0.257302
[573]	test-error:0.2573
[574]	test-error:0.25728
[575]	test-error:0.25717
[576]	test-error:0.257152
[577]	test-error:0.257166
[578]	test-error:0.25716
[579]	test-error:0.257216
[580]	test-error:0.257216
[581]	test-error:0.257176
[582]	test-error:0.257114
[583]	test-error:0.257064
[584]	test-error:0.257062
[585]	test-error:0.257032
[586]	test-error:0.25701
[587]	test-error:0.25702
[588]	test-error:0.256976
[589]	test-error:0.256944
[590]	test-error:0.256966
[591]	test-error:0.256904
[592]	test-error:0.256902
[593]	test-error:0.256906
[594]	test-error:0.256892
[595]	test-error:0.256876
[596]	test-error:0.256832
[597]	test-error:0.25679
[598]	test-error:0.256714
[599]	test-error:0.256664
[600]	test-error:0.256632
[601]	test-error:0.256662
[602]	test-error:0.256722
[603]	test-error:0.25669
[604]	test-error:0.256694
[605]	test-error:0.256676
[606]	test-error:0.256698
[607]	test-error:0.256638
[608]	test-error:0.25667
[609]	test-error:0.256718
[610]	test-error:0.256676
[611]	test-error:0.256618
[612]	test-error:0.25659
[613]	test-error:0.25663
[614]	test-error:0.256644
[615]	test-error:0.256668
[616]	test-error:0.256692
[617]	test-error:0.256584
[618]	test-error:0.25653
[619]	test-error:0.256532
[620]	test-error:0.256422
[621]	test-error:0.25644
[622]	test-error:0.25648
[623]	test-error:0.256482
[624]	test-error:0.256478
[625]	test-error:0.25647
[626]	test-error:0.256476
[627]	test-error:0.256468
[628]	test-error:0.25642
[629]	test-error:0.256428
[630]	test-error:0.25645
[631]	test-error:0.256446
[632]	test-error:0.256426
[633]	test-error:0.256434
[634]	test-error:0.256402
[635]	test-error:0.256426
[636]	test-error:0.256428
[637]	test-error:0.256384
[638]	test-error:0.256328
[639]	test-error:0.25639
[640]	test-error:0.256394
[641]	test-error:0.256428
[642]	test-error:0.256406
[643]	test-error:0.256404
[644]	test-error:0.256384
[645]	test-error:0.256366
[646]	test-error:0.256394
[647]	test-error:0.256342
[648]	test-error:0.25633
[649]	test-error:0.256404
[650]	test-error:0.256392
[651]	test-error:0.256318
[652]	test-error:0.256256
[653]	test-error:0.25614
[654]	test-error:0.256146
[655]	test-error:0.256146
[656]	test-error:0.256114
[657]	test-error:0.256098
[658]	test-error:0.256068
[659]	test-error:0.256074
[660]	test-error:0.256108
[661]	test-error:0.25608
[662]	test-error:0.256104
[663]	test-error:0.256018
[664]	test-error:0.25604
[665]	test-error:0.255962
[666]	test-error:0.25597
[667]	test-error:0.255906
[668]	test-error:0.255962
[669]	test-error:0.255936
[670]	test-error:0.255948
[671]	test-error:0.255974
[672]	test-error:0.255914
[673]	test-error:0.255906
[674]	test-error:0.255808
[675]	test-error:0.255806
[676]	test-error:0.25582
[677]	test-error:0.255748
[678]	test-error:0.255764
[679]	test-error:0.255818
[680]	test-error:0.25575
[681]	test-error:0.255712
[682]	test-error:0.25569
[683]	test-error:0.255668
[684]	test-error:0.255744
[685]	test-error:0.255732
[686]	test-error:0.255754
[687]	test-error:0.255676
[688]	test-error:0.25566
[689]	test-error:0.25568
[690]	test-error:0.255632
[691]	test-error:0.255588
[692]	test-error:0.255594
[693]	test-error:0.255652
[694]	test-error:0.25562
[695]	test-error:0.255614
[696]	test-error:0.255658
[697]	test-error:0.255576
[698]	test-error:0.255524
[699]	test-error:0.255596
[700]	test-error:0.25555
[701]	test-error:0.255522
[702]	test-error:0.255476
[703]	test-error:0.255476
[704]	test-error:0.255528
[705]	test-error:0.255518
[706]	test-error:0.255464
[707]	test-error:0.255456
[708]	test-error:0.255442
[709]	test-error:0.255476
[710]	test-error:0.255508
[711]	test-error:0.255506
[712]	test-error:0.255476
[713]	test-error:0.255472
[714]	test-error:0.255458
[715]	test-error:0.255458
[716]	test-error:0.255476
[717]	test-error:0.255524
[718]	test-error:0.255536
[719]	test-error:0.25549
[720]	test-error:0.255434
[721]	test-error:0.2554
[722]	test-error:0.255424
[723]	test-error:0.255466
[724]	test-error:0.25543
[725]	test-error:0.25545
[726]	test-error:0.25545
[727]	test-error:0.25543
[728]	test-error:0.255474
[729]	test-error:0.255444
[730]	test-error:0.255404
[731]	test-error:0.255362
[732]	test-error:0.255308
[733]	test-error:0.25529
[734]	test-error:0.255308
[735]	test-error:0.255216
[736]	test-error:0.255226
[737]	test-error:0.255156
[738]	test-error:0.255132
[739]	test-error:0.255134
[740]	test-error:0.255124
[741]	test-error:0.255064
[742]	test-error:0.255038
[743]	test-error:0.255014
[744]	test-error:0.255024
[745]	test-error:0.255002
[746]	test-error:0.254956
[747]	test-error:0.255024
[748]	test-error:0.25486
[749]	test-error:0.254944
[750]	test-error:0.254896
[751]	test-error:0.255
[752]	test-error:0.254992
[753]	test-error:0.25504
[754]	test-error:0.255068
[755]	test-error:0.254996
[756]	test-error:0.25499
[757]	test-error:0.254994
[758]	test-error:0.255026
[759]	test-error:0.254996
[760]	test-error:0.255012
[761]	test-error:0.254986
[762]	test-error:0.254972
[763]	test-error:0.25503
[764]	test-error:0.255034
[765]	test-error:0.254962
[766]	test-error:0.254912
[767]	test-error:0.254906
[768]	test-error:0.254954
[769]	test-error:0.254888
[770]	test-error:0.25489
[771]	test-error:0.254818
[772]	test-error:0.254786
[773]	test-error:0.25485
[774]	test-error:0.254848
[775]	test-error:0.25481
[776]	test-error:0.254758
[777]	test-error:0.254718
[778]	test-error:0.254712
[779]	test-error:0.254652
[780]	test-error:0.254666
[781]	test-error:0.254634
[782]	test-error:0.25463
[783]	test-error:0.25459
[784]	test-error:0.254596
[785]	test-error:0.25458
[786]	test-error:0.254596
[787]	test-error:0.254594
[788]	test-error:0.254598
[789]	test-error:0.254604
[790]	test-error:0.254584
[791]	test-error:0.254626
[792]	test-error:0.25459
[793]	test-error:0.254568
[794]	test-error:0.25446
[795]	test-error:0.254388
[796]	test-error:0.254428
[797]	test-error:0.25446
[798]	test-error:0.25445
[799]	test-error:0.254444
[800]	test-error:0.254418
[801]	test-error:0.254458
[802]	test-error:0.254378
[803]	test-error:0.254414
[804]	test-error:0.254428
[805]	test-error:0.254404
[806]	test-error:0.254432
[807]	test-error:0.254458
[808]	test-error:0.254402
[809]	test-error:0.25429
[810]	test-error:0.254338
[811]	test-error:0.254286
[812]	test-error:0.254284
[813]	test-error:0.254294
[814]	test-error:0.254294
[815]	test-error:0.254324
[816]	test-error:0.25429
[817]	test-error:0.254232
[818]	test-error:0.25421
[819]	test-error:0.254194
[820]	test-error:0.254192
[821]	test-error:0.25419
[822]	test-error:0.254128
[823]	test-error:0.254074
[824]	test-error:0.25407
[825]	test-error:0.25407
[826]	test-error:0.253986
[827]	test-error:0.253968
[828]	test-error:0.254102
[829]	test-error:0.254026
[830]	test-error:0.254018
[831]	test-error:0.253994
[832]	test-error:0.254002
[833]	test-error:0.254
[834]	test-error:0.253976
[835]	test-error:0.25397
[836]	test-error:0.254026
[837]	test-error:0.254016
[838]	test-error:0.254024
[839]	test-error:0.25405
[840]	test-error:0.254024
[841]	test-error:0.25403
[842]	test-error:0.253998
[843]	test-error:0.254
[844]	test-error:0.254026
[845]	test-error:0.253982
[846]	test-error:0.253928
[847]	test-error:0.253916
[848]	test-error:0.253918
[849]	test-error:0.253884
[850]	test-error:0.253874
[851]	test-error:0.253862
[852]	test-error:0.253842
[853]	test-error:0.253816
[854]	test-error:0.253832
[855]	test-error:0.253814
[856]	test-error:0.253804
[857]	test-error:0.253728
[858]	test-error:0.253764
[859]	test-error:0.25383
[860]	test-error:0.253836
[861]	test-error:0.253796
[862]	test-error:0.25378
[863]	test-error:0.253748
[864]	test-error:0.25377
[865]	test-error:0.253746
[866]	test-error:0.253746
[867]	test-error:0.25377
[868]	test-error:0.253706
[869]	test-error:0.25379
[870]	test-error:0.253762
[871]	test-error:0.253792
[872]	test-error:0.253796
[873]	test-error:0.253832
[874]	test-error:0.253842
[875]	test-error:0.253892
[876]	test-error:0.253866
[877]	test-error:0.253826
[878]	test-error:0.253828
[879]	test-error:0.253772
[880]	test-error:0.2538
[881]	test-error:0.253822
[882]	test-error:0.253806
[883]	test-error:0.253836
[884]	test-error:0.253796
[885]	test-error:0.253684
[886]	test-error:0.253682
[887]	test-error:0.253704
[888]	test-error:0.253668
[889]	test-error:0.253668
[890]	test-error:0.2537
[891]	test-error:0.253648
[892]	test-error:0.25366
[893]	test-error:0.253656
[894]	test-error:0.253664
[895]	test-error:0.253594
[896]	test-error:0.25359
[897]	test-error:0.253638
[898]	test-error:0.253582
[899]	test-error:0.25359
[900]	test-error:0.253574
[901]	test-error:0.253552
[902]	test-error:0.25353
[903]	test-error:0.253454
[904]	test-error:0.253452
[905]	test-error:0.253496
[906]	test-error:0.253516
[907]	test-error:0.253576
[908]	test-error:0.253532
[909]	test-error:0.253526
[910]	test-error:0.253518
[911]	test-error:0.253538
[912]	test-error:0.253466
[913]	test-error:0.25348
[914]	test-error:0.253482
[915]	test-error:0.253482
[916]	test-error:0.253472
[917]	test-error:0.25341
[918]	test-error:0.253424
[919]	test-error:0.253446
[920]	test-error:0.253398
[921]	test-error:0.25342
[922]	test-error:0.253402
[923]	test-error:0.253354
[924]	test-error:0.253394
[925]	test-error:0.253422
[926]	test-error:0.253356
[927]	test-error:0.253308
[928]	test-error:0.253288
[929]	test-error:0.253294
[930]	test-error:0.253348
[931]	test-error:0.253288
[932]	test-error:0.25326
[933]	test-error:0.253266
[934]	test-error:0.253298
[935]	test-error:0.253262
[936]	test-error:0.253256
[937]	test-error:0.253228
[938]	test-error:0.253336
[939]	test-error:0.253332
[940]	test-error:0.253278
[941]	test-error:0.253282
[942]	test-error:0.253248
[943]	test-error:0.25325
[944]	test-error:0.253206
[945]	test-error:0.253186
[946]	test-error:0.25315
[947]	test-error:0.253192
[948]	test-error:0.25323
[949]	test-error:0.253268
[950]	test-error:0.253278
[951]	test-error:0.253208
[952]	test-error:0.253216
[953]	test-error:0.253222
[954]	test-error:0.253174
[955]	test-error:0.253202
[956]	test-error:0.253254
[957]	test-error:0.25304
[958]	test-error:0.253084
[959]	test-error:0.253022
[960]	test-error:0.253088
[961]	test-error:0.253036
[962]	test-error:0.253034
[963]	test-error:0.253048
[964]	test-error:0.253006
[965]	test-error:0.253048
[966]	test-error:0.253002
[967]	test-error:0.252978
[968]	test-error:0.25301
[969]	test-error:0.25302
[970]	test-error:0.253018
[971]	test-error:0.25304
[972]	test-error:0.25308
[973]	test-error:0.253052
[974]	test-error:0.253066
[975]	test-error:0.253028
[976]	test-error:0.252986
[977]	test-error:0.252966
[978]	test-error:0.252934
[979]	test-error:0.252942
[980]	test-error:0.25295
[981]	test-error:0.252918
[982]	test-error:0.252916
[983]	test-error:0.252948
[984]	test-error:0.252958
[985]	test-error:0.252936
[986]	test-error:0.252884
[987]	test-error:0.252914
[988]	test-error:0.252942
[989]	test-error:0.25301
[990]	test-error:0.252946
[991]	test-error:0.25297
[992]	test-error:0.252994
[993]	test-error:0.253002
[994]	test-error:0.253038
[995]	test-error:0.253
[996]	test-error:0.253062
[997]	test-error:0.253002
[998]	test-error:0.252934
[999]	test-error:0.252928
CPU Training Time: 817.993104935 seconds
