Input data: 919, 147, 227, 64, 487, 73, 393, 945, 954, 547, 270, 225, 476, 400, 748, 682, 991, 831, 247, 906, 475, 51, 260, 979, 746, 692, 893, 120, 975, 354, 59, 893, 500, 285, 309, 986, 358, 701, 282, 663, 248, 903, 887, 723, 303, 986, 757, 293, 169, 3, 550, 643, 406, 162, 622, 151, 853, 866, 270, 827, 219, 680, 71, 718, 317, 731, 55, 26, 432, 337, 688, 31, 239, 926, 753, 893, 912, 861, 538, 80, 864, 87, 722, 269, 248, 695, 771, 452, 560, 392, 630, 778, 71, 701, 847, 387, 783, 902, 764, 214, 
Min: 1.000000, Max: 201.000000
Min: 201.000000, Max: 401.000000
Min: 401.000000, Max: 601.000000
Min: 601.000000, Max: 801.000000
Min: 801.000000, Max: 1001.000000
[c0197:21978] *** Process received signal ***
[c0197:21978] Signal: Segmentation fault (11)
[c0197:21978] Signal code: Address not mapped (1)
[c0197:21978] Failing at address: (nil)
[c0197:21978] [ 0] /lib64/libpthread.so.0(+0xf630)[0x2ad8c1848630]
[c0197:21978] [ 1] Q2_1[0x400fc0]
[c0197:21978] [ 2] Q2_1[0x400f31]
[c0197:21978] [ 3] Q2_1[0x40121e]
[c0197:21978] [ 4] /lib64/libc.so.6(__libc_start_main+0xf5)[0x2ad8c1a77555]
[c0197:21978] [ 5] Q2_1[0x400b29]
[c0197:21978] *** End of error message ***
-------------------------------------------------------
Primary job  terminated normally, but 1 process returned
a non-zero exit code. Per user-direction, the job has been aborted.
-------------------------------------------------------
--------------------------------------------------------------------------
mpirun noticed that process rank 1 with PID 21978 on node c0197 exited on signal 11 (Segmentation fault).
--------------------------------------------------------------------------
