Input data: 304, 251, 680, 456, 358, 337, 125, 318, 535, 599, 396, 165, 52, 431, 40, 1, 365, 946, 565, 951, 276, 486, 693, 716, 964, 981, 893, 845, 855, 156, 23, 158, 758, 702, 613, 467, 38, 90, 784, 924, 688, 179, 441, 739, 961, 480, 739, 326, 777, 303, 276, 52, 141, 968, 119, 104, 300, 363, 301, 155, 870, 323, 312, 979, 376, 277, 445, 766, 718, 581, 41, 405, 759, 481, 496, 72, 313, 234, 749, 441, 889, 376, 845, 381, 344, 963, 836, 995, 678, 136, 501, 547, 458, 165, 526, 186, 793, 970, 951, 510, 
Min: 1.000000, Max: 201.000000
Min: 201.000000, Max: 401.000000
Min: 401.000000, Max: 601.000000
Min: 601.000000, Max: 801.000000
Min: 801.000000, Max: 1001.000000
[c0159:48698] *** Process received signal ***
[c0159:48698] Signal: Segmentation fault (11)
[c0159:48698] Signal code: Address not mapped (1)
[c0159:48698] Failing at address: (nil)
[c0159:48698] [ 0] /lib64/libpthread.so.0(+0xf630)[0x2b8ab6584630]
[c0159:48698] [ 1] Q2_1[0x400f9d]
[c0159:48698] [ 2] Q2_1[0x400f31]
[c0159:48698] [ 3] Q2_1[0x4011f6]
[c0159:48698] [ 4] /lib64/libc.so.6(__libc_start_main+0xf5)[0x2b8ab67b3555]
[c0159:48698] [ 5] Q2_1[0x400b29]
[c0159:48698] *** End of error message ***
-------------------------------------------------------
Primary job  terminated normally, but 1 process returned
a non-zero exit code. Per user-direction, the job has been aborted.
-------------------------------------------------------
--------------------------------------------------------------------------
mpirun noticed that process rank 1 with PID 48698 on node c0159 exited on signal 11 (Segmentation fault).
--------------------------------------------------------------------------
