Input data: 384, 887, 778, 916, 794, 336, 387, 493, 650, 422, 363, 28, 691, 60, 764, 927, 541, 427, 173, 737, 212, 369, 568, 430, 783, 531, 863, 124, 68, 136, 930, 803, 23, 59, 70, 168, 394, 457, 12, 43, 230, 374, 422, 920, 785, 538, 199, 325, 316, 371, 414, 527, 92, 981, 957, 874, 863, 171, 997, 282, 306, 926, 85, 328, 337, 506, 847, 730, 314, 858, 125, 896, 583, 546, 815, 368, 435, 365, 44, 751, 88, 809, 277, 179, 789, 585, 404, 652, 755, 400, 933, 61, 677, 369, 740, 13, 227, 587, 95, 540, 
Min: 1.000000, Max: 201.000000
Min: 201.000000, Max: 401.000000
Min: 401.000000, Max: 601.000000
Min: 601.000000, Max: 801.000000
Min: 801.000000, Max: 1001.000000
Data len for each proc:
0: 60
1: 40
Displs for each proc:
0: 0
1: 40
processor rank: 0 len: 60
384, 887, 778, 916, 794, 336, 387, 493, 650, 422, 363, 28, 691, 60, 764, 927, 541, 427, 173, 737, 212, 369, 568, 430, 783, 531, 863, 124, 68, 136, 930, 803, 23, 59, 70, 168, 394, 457, 12, 43, 230, 374, 422, 920, 785, 538, 199, 325, 316, 371, 414, 527, 92, 981, 957, 874, 863, 171, 997, 282, 
Histogram for process 0 on c0196 out of 2:
processor rank: 1 len: 40
230, 374, 422, 920, 785, 538, 199, 325, 316, 371, 414, 527, 92, 981, 957, 874, 863, 171, 997, 282, 306, 926, 85, 328, 337, 506, 847, 730, 314, 858, 125, 896, 583, 546, 815, 368, 435, 365, 44, 751, 
Histogram for process 1 on c0197 out of 2:

Final Histogram:
Number of values in Class 0: 21
Number of values in Class 1: 25
Number of values in Class 2: 20
Number of values in Class 3: 11
Number of values in Class 4: 23
total values in histogram: 100
