Input data: 143, 604, 192, 797, 647, 572, 584, 58, 773, 562, 462, 564, 216, 384, 772, 853, 190, 802, 703, 846, 145, 268, 804, 521, 844, 568, 516, 872, 348, 500, 426, 842, 455, 969, 990, 101, 892, 573, 158, 665, 486, 620, 228, 54, 355, 999, 258, 897, 152, 312, 94, 648, 579, 897, 520, 423, 464, 36, 646, 163, 887, 72, 4, 341, 392, 994, 442, 284, 918, 951, 948, 756, 922, 527, 809, 277, 878, 66, 525, 381, 377, 618, 29, 307, 867, 548, 729, 682, 935, 375, 845, 821, 798, 848, 162, 189, 193, 955, 472, 111, 
Min: 1.000000, Max: 201.000000
Min: 201.000000, Max: 401.000000
Min: 401.000000, Max: 601.000000
Min: 601.000000, Max: 801.000000
Min: 801.000000, Max: 1001.000000
Data len for each proc:
0: 60
1: 40
Displs for each proc:
0: 0
1: 40
processor rank: 0 len: 60
143, 604, 192, 797, 647, 572, 584, 58, 773, 562, 462, 564, 216, 384, 772, 853, 190, 802, 703, 846, 145, 268, 804, 521, 844, 568, 516, 872, 348, 500, 426, 842, 455, 969, 990, 101, 892, 573, 158, 665, 486, 620, 228, 54, 355, 999, 258, 897, 152, 312, 94, 648, 579, 897, 520, 423, 464, 36, 646, 163, 
Histogram for process 0 on c0230 out of 2:
processor rank: 1 len: 40
486, 620, 228, 54, 355, 999, 258, 897, 152, 312, 94, 648, 579, 897, 520, 423, 464, 36, 646, 163, 887, 72, 4, 341, 392, 994, 442, 284, 918, 951, 948, 756, 922, 527, 809, 277, 878, 66, 525, 381, 
Histogram for process 1 on c0231 out of 2:

Final Histogram:
Number of values in Class 0: 20
Number of values in Class 1: 17
Number of values in Class 2: 25
Number of values in Class 3: 14
Number of values in Class 4: 24
total values in histogram: 100
