Input data: 384, 887, 778, 916, 794, 336, 387, 493, 650, 422, 363, 28, 691, 60, 764, 927, 541, 427, 173, 737, 212, 369, 568, 430, 783, 531, 863, 124, 68, 136, 930, 803, 23, 59, 70, 168, 394, 457, 12, 43, 230, 374, 422, 920, 785, 538, 199, 325, 316, 371, 414, 527, 92, 981, 957, 874, 863, 171, 997, 282, 306, 926, 85, 328, 337, 506, 847, 730, 314, 858, 125, 896, 583, 546, 815, 368, 435, 365, 44, 751, 88, 809, 277, 179, 789, 585, 404, 652, 755, 400, 933, 61, 677, 369, 740, 13, 227, 587, 95, 540, 
processor rank: 2 len: 20
Min: 1.000000, Max: 201.000000
proc id 0: 0, 4, proc id 1: 1, proc id 2: 2, proc id 3: 3, Histogram for process 2 on c0172 out of 4:
Min: 201.000000, Max: 401.000000
Min: 401.000000, Max: 601.000000
Min: 601.000000, Max: 801.000000
Min: 801.000000, Max: 1001.000000
Data len for each proc:
proc 0: 40
proc 1: 20
proc 2: 20
proc 3: 20
Displs for each proc:
proc 0: 0
proc 1: 40
proc 2: 60
proc 3: 80
processor rank: 0 len: 40
proc id 0: 0, 4, proc id 1: 1, proc id 2: 2, proc id 3: 3, Histogram for process 0 on c0170 out of 4:
processor rank: 1 len: 20
processor rank: 3 len: 20
proc id 0: 0, 4, proc id 1: 1, proc id 2: 2, proc id 3: 3, Histogram for process 1 on c0171 out of 4:
proc id 0: 0, 4, proc id 1: 1, proc id 2: 2, proc id 3: 3, Histogram for process 3 on c0173 out of 4:

Final Histogram:
Number of values in Class 0: 0
Number of values in Class 1: 0
Number of values in Class 2: 0
Number of values in Class 3: 0
Number of values in Class 4: 0
total values in histogram: 0

cls id: 0 
Final Histogram:
cls id: 1 384 336 387 363 212 369 394 230 374 325 316 371 282 306 328 337 314 368 365 277 400 369 227 
Number of values in Class 0: 0

cls id: 2 
Number of values in Class 1: 0
cls id: 3 
Final Histogram:
cls id: 4 
Number of values in Class 2: 0
Number of values in Class 3: 0
Number of values in Class 0: 0
Number of values in Class 4: 0

total values in histogram: 0
Number of values in Class 1: 0
cls id: 0 
Final Histogram:
Number of values in Class 2: 0
cls id: 1 
Number of values in Class 0: 23
cls id: 2 
Number of values in Class 3: 0
cls id: 3 778 794 650 691 764 737 783 785 730 751 789 652 755 677 740 
Number of values in Class 1: 23
Number of values in Class 4: 0
cls id: 4 
Number of values in Class 2: 20
Number of values in Class 3: 15
total values in histogram: 0
Number of values in Class 4: 19
total values in histogram: 100
cls id: 0 
cls id: 0 28 60 173 124 68 136 23 59 70 168 12 43 199 92 171 85 125 44 88 179 61 13 95 
cls id: 1 
cls id: 2 
cls id: 1 
cls id: 3 
cls id: 4 887 916 927 863 930 803 920 981 957 874 863 997 926 847 858 896 815 809 933 
cls id: 2 493 422 541 427 568 430 531 457 422 538 414 527 506 583 546 435 585 404 587 540 
cls id: 3 
cls id: 4 
